2025-12-26 16:33:19 INFO  c.n.NotificationMicroserviceApplication - Starting NotificationMicroserviceApplication v3.1.0 using Java 17.0.17 with PID 1 (/app/app.jar started by root in /app)
2025-12-26 16:33:19 INFO  c.n.NotificationMicroserviceApplication - The following 1 profile is active: "docker"
2025-12-26 16:33:39 INFO  o.s.b.w.e.tomcat.TomcatWebServer - Tomcat initialized with port 8083 (http)
2025-12-26 16:33:40 INFO  o.a.catalina.core.StandardService - Starting service [Tomcat]
2025-12-26 16:33:40 INFO  o.a.catalina.core.StandardEngine - Starting Servlet engine: [Apache Tomcat/10.1.49]
2025-12-26 16:33:40 INFO  o.a.c.c.C.[Tomcat].[localhost].[/] - Initializing Spring embedded WebApplicationContext
2025-12-26 16:33:40 INFO  o.s.b.w.s.c.ServletWebServerApplicationContext - Root WebApplicationContext: initialization completed in 19744 ms
2025-12-26 16:33:51 INFO  o.s.b.w.e.tomcat.TomcatWebServer - Tomcat started on port 8083 (http) with context path '/'
2025-12-26 16:33:51 INFO  o.s.a.r.c.CachingConnectionFactory - Attempting to connect to: [rabbitmq:5672]
2025-12-26 16:33:52 INFO  o.s.a.r.c.CachingConnectionFactory - Created new connection: rabbitConnectionFactory#6232ffdb:0/SimpleConnection@315c081 [delegate=amqp://fms_user@172.20.0.2:5672//fms, localPort=59416]
2025-12-26 16:33:54 INFO  c.n.NotificationMicroserviceApplication - Started NotificationMicroserviceApplication in 43.034 seconds (process running for 47.755)
2025-12-26 16:38:01 INFO  o.s.a.r.l.SimpleMessageListenerContainer - Waiting for workers to finish.
2025-12-26 16:38:02 INFO  o.s.a.r.l.SimpleMessageListenerContainer - Successfully waited for workers to finish.
2025-12-26 16:38:02 INFO  o.s.b.w.e.tomcat.GracefulShutdown - Commencing graceful shutdown. Waiting for active requests to complete
2025-12-26 16:38:02 INFO  o.s.b.w.e.tomcat.GracefulShutdown - Graceful shutdown complete
2025-12-26 16:40:11 INFO  c.n.NotificationMicroserviceApplication - Starting NotificationMicroserviceApplication v3.1.0 using Java 17.0.17 with PID 1 (/app/app.jar started by root in /app)
2025-12-26 16:40:11 INFO  c.n.NotificationMicroserviceApplication - The following 1 profile is active: "docker"
2025-12-26 16:40:17 INFO  o.s.b.w.e.tomcat.TomcatWebServer - Tomcat initialized with port 8083 (http)
2025-12-26 16:40:17 INFO  o.a.catalina.core.StandardService - Starting service [Tomcat]
2025-12-26 16:40:17 INFO  o.a.catalina.core.StandardEngine - Starting Servlet engine: [Apache Tomcat/10.1.49]
2025-12-26 16:40:17 INFO  o.a.c.c.C.[Tomcat].[localhost].[/] - Initializing Spring embedded WebApplicationContext
2025-12-26 16:40:17 INFO  o.s.b.w.s.c.ServletWebServerApplicationContext - Root WebApplicationContext: initialization completed in 5601 ms
2025-12-26 16:40:20 INFO  o.s.b.w.e.tomcat.TomcatWebServer - Tomcat started on port 8083 (http) with context path '/'
2025-12-26 16:40:20 INFO  o.s.a.r.c.CachingConnectionFactory - Attempting to connect to: [rabbitmq:5672]
2025-12-26 16:40:20 INFO  o.s.a.r.c.CachingConnectionFactory - Created new connection: rabbitConnectionFactory#2ab26378:0/SimpleConnection@66e17eff [delegate=amqp://fms_user@172.20.0.4:5672//fms, localPort=53008]
2025-12-26 16:40:21 INFO  c.n.NotificationMicroserviceApplication - Started NotificationMicroserviceApplication in 12.238 seconds (process running for 14.107)
2025-12-26 16:41:30 INFO  o.s.a.r.l.SimpleMessageListenerContainer - Waiting for workers to finish.
2025-12-26 16:41:30 INFO  o.s.a.r.l.SimpleMessageListenerContainer - Successfully waited for workers to finish.
2025-12-26 16:41:30 INFO  o.s.b.w.e.tomcat.GracefulShutdown - Commencing graceful shutdown. Waiting for active requests to complete
2025-12-26 16:41:30 INFO  o.s.b.w.e.tomcat.GracefulShutdown - Graceful shutdown complete
2025-12-26 16:41:50 INFO  c.n.NotificationMicroserviceApplication - Starting NotificationMicroserviceApplication v3.1.0 using Java 17.0.17 with PID 1 (/app/app.jar started by root in /app)
2025-12-26 16:41:50 INFO  c.n.NotificationMicroserviceApplication - The following 1 profile is active: "docker"
2025-12-26 16:42:04 INFO  o.s.b.w.e.tomcat.TomcatWebServer - Tomcat initialized with port 8083 (http)
2025-12-26 16:42:04 INFO  o.a.catalina.core.StandardService - Starting service [Tomcat]
2025-12-26 16:42:04 INFO  o.a.catalina.core.StandardEngine - Starting Servlet engine: [Apache Tomcat/10.1.49]
2025-12-26 16:42:04 INFO  o.a.c.c.C.[Tomcat].[localhost].[/] - Initializing Spring embedded WebApplicationContext
2025-12-26 16:42:04 INFO  o.s.b.w.s.c.ServletWebServerApplicationContext - Root WebApplicationContext: initialization completed in 14143 ms
2025-12-26 16:42:14 INFO  o.s.b.w.e.tomcat.TomcatWebServer - Tomcat started on port 8083 (http) with context path '/'
2025-12-26 16:42:14 INFO  o.s.a.r.c.CachingConnectionFactory - Attempting to connect to: [rabbitmq:5672]
2025-12-26 16:42:15 INFO  o.s.a.r.c.CachingConnectionFactory - Created new connection: rabbitConnectionFactory#6af91cc8:0/SimpleConnection@315c081 [delegate=amqp://fms_user@172.20.0.4:5672//fms, localPort=41584]
2025-12-26 16:42:17 INFO  c.n.NotificationMicroserviceApplication - Started NotificationMicroserviceApplication in 35.265 seconds (process running for 39.738)
2025-12-26 16:42:22 INFO  o.s.a.r.l.SimpleMessageListenerContainer - Waiting for workers to finish.
2025-12-26 16:42:22 INFO  o.s.a.r.l.SimpleMessageListenerContainer - Successfully waited for workers to finish.
2025-12-26 16:42:22 INFO  o.s.b.w.e.tomcat.GracefulShutdown - Commencing graceful shutdown. Waiting for active requests to complete
2025-12-26 16:42:22 INFO  o.s.b.w.e.tomcat.GracefulShutdown - Graceful shutdown complete
2025-12-26 16:42:44 INFO  c.n.NotificationMicroserviceApplication - Starting NotificationMicroserviceApplication v3.1.0 using Java 17.0.17 with PID 1 (/app/app.jar started by root in /app)
2025-12-26 16:42:44 INFO  c.n.NotificationMicroserviceApplication - The following 1 profile is active: "docker"
2025-12-26 16:43:02 INFO  o.s.b.w.e.tomcat.TomcatWebServer - Tomcat initialized with port 8083 (http)
2025-12-26 16:43:02 INFO  o.a.catalina.core.StandardService - Starting service [Tomcat]
2025-12-26 16:43:02 INFO  o.a.catalina.core.StandardEngine - Starting Servlet engine: [Apache Tomcat/10.1.49]
2025-12-26 16:43:02 INFO  o.a.c.c.C.[Tomcat].[localhost].[/] - Initializing Spring embedded WebApplicationContext
2025-12-26 16:43:02 INFO  o.s.b.w.s.c.ServletWebServerApplicationContext - Root WebApplicationContext: initialization completed in 17654 ms
2025-12-26 16:43:13 INFO  o.s.b.w.e.tomcat.TomcatWebServer - Tomcat started on port 8083 (http) with context path '/'
2025-12-26 16:43:13 INFO  o.s.a.r.c.CachingConnectionFactory - Attempting to connect to: [rabbitmq:5672]
2025-12-26 16:43:14 INFO  o.s.a.r.c.CachingConnectionFactory - Created new connection: rabbitConnectionFactory#2ab26378:0/SimpleConnection@66e17eff [delegate=amqp://fms_user@172.20.0.4:5672//fms, localPort=41916]
2025-12-26 16:43:15 INFO  c.n.NotificationMicroserviceApplication - Started NotificationMicroserviceApplication in 39.084 seconds (process running for 44.751)
2025-12-26 16:43:48 INFO  o.s.a.r.l.SimpleMessageListenerContainer - Waiting for workers to finish.
2025-12-26 16:43:48 INFO  o.s.a.r.l.SimpleMessageListenerContainer - Successfully waited for workers to finish.
2025-12-26 16:43:49 INFO  o.s.b.w.e.tomcat.GracefulShutdown - Commencing graceful shutdown. Waiting for active requests to complete
2025-12-26 16:43:49 INFO  o.s.b.w.e.tomcat.GracefulShutdown - Graceful shutdown complete
2025-12-26 16:56:42 INFO  c.n.NotificationMicroserviceApplication - Starting NotificationMicroserviceApplication v3.1.0 using Java 17.0.17 with PID 1 (/app/app.jar started by root in /app)
2025-12-26 16:56:42 INFO  c.n.NotificationMicroserviceApplication - The following 1 profile is active: "docker"
2025-12-26 16:57:01 INFO  o.s.b.w.e.tomcat.TomcatWebServer - Tomcat initialized with port 8083 (http)
2025-12-26 16:57:01 INFO  o.a.catalina.core.StandardService - Starting service [Tomcat]
2025-12-26 16:57:01 INFO  o.a.catalina.core.StandardEngine - Starting Servlet engine: [Apache Tomcat/10.1.49]
2025-12-26 16:57:01 INFO  o.a.c.c.C.[Tomcat].[localhost].[/] - Initializing Spring embedded WebApplicationContext
2025-12-26 16:57:01 INFO  o.s.b.w.s.c.ServletWebServerApplicationContext - Root WebApplicationContext: initialization completed in 18983 ms
2025-12-26 16:57:13 INFO  o.s.b.w.e.tomcat.TomcatWebServer - Tomcat started on port 8083 (http) with context path '/'
2025-12-26 16:57:13 INFO  o.s.a.r.c.CachingConnectionFactory - Attempting to connect to: [rabbitmq:5672]
2025-12-26 16:57:14 INFO  o.s.a.r.c.CachingConnectionFactory - Created new connection: rabbitConnectionFactory#f9f3928:0/SimpleConnection@4bb1b96b [delegate=amqp://fms_user@172.20.0.2:5672//fms, localPort=35644]
2025-12-26 16:57:15 INFO  c.n.NotificationMicroserviceApplication - Started NotificationMicroserviceApplication in 41.034 seconds (process running for 45.8)
2025-12-26 17:06:04 INFO  o.s.a.r.l.SimpleMessageListenerContainer - Waiting for workers to finish.
2025-12-26 17:06:04 INFO  o.s.a.r.l.SimpleMessageListenerContainer - Successfully waited for workers to finish.
2025-12-26 17:06:05 INFO  o.s.b.w.e.tomcat.GracefulShutdown - Commencing graceful shutdown. Waiting for active requests to complete
2025-12-26 17:06:05 INFO  o.s.b.w.e.tomcat.GracefulShutdown - Graceful shutdown complete
