2025-12-17 16:56:31 INFO  c.b.BookingMicroserviceApplication - Starting BookingMicroserviceApplication v3.1.0 using Java 17.0.17 with PID 1 (/app/app.jar started by root in /app)
2025-12-17 16:56:31 INFO  c.b.BookingMicroserviceApplication - No active profile set, falling back to 1 default profile: "default"
2025-12-17 16:56:31 INFO  o.s.c.c.c.ConfigServerConfigDataLoader - Fetching config from server at : http://config-server:8888
2025-12-17 16:56:31 INFO  o.s.c.c.c.ConfigServerConfigDataLoader - Located environment: name=BOOKING-MICROSERVICE, profiles=[default], label=null, version=74fd5769d2a5f60859253cb70c745355bccc3a1b, state=null
2025-12-17 16:56:40 INFO  o.s.d.r.c.RepositoryConfigurationDelegate - Bootstrapping Spring Data JPA repositories in DEFAULT mode.
2025-12-17 16:56:42 INFO  o.s.d.r.c.RepositoryConfigurationDelegate - Finished Spring Data repository scanning in 1824 ms. Found 1 JPA repository interface.
2025-12-17 16:56:45 INFO  o.s.cloud.context.scope.GenericScope - BeanFactory id=94962c1e-bd51-34eb-b4bc-5aca86045416
2025-12-17 16:56:51 INFO  o.s.b.w.e.tomcat.TomcatWebServer - Tomcat initialized with port 8080 (http)
2025-12-17 16:56:51 INFO  o.a.catalina.core.StandardService - Starting service [Tomcat]
2025-12-17 16:56:51 INFO  o.a.catalina.core.StandardEngine - Starting Servlet engine: [Apache Tomcat/10.1.49]
2025-12-17 16:56:51 INFO  o.a.c.c.C.[Tomcat].[localhost].[/] - Initializing Spring embedded WebApplicationContext
2025-12-17 16:56:51 INFO  o.s.b.w.s.c.ServletWebServerApplicationContext - Root WebApplicationContext: initialization completed in 19940 ms
2025-12-17 16:56:53 INFO  o.h.jpa.internal.util.LogHelper - HHH000204: Processing PersistenceUnitInfo [name: default]
2025-12-17 16:56:54 INFO  org.hibernate.Version - HHH000412: Hibernate ORM core version 6.6.36.Final
2025-12-17 16:56:54 INFO  o.h.c.i.RegionFactoryInitiator - HHH000026: Second-level cache disabled
2025-12-17 16:56:56 INFO  o.s.o.j.p.SpringPersistenceUnitInfo - No LoadTimeWeaver setup: ignoring JPA class transformer
2025-12-17 16:56:57 INFO  com.zaxxer.hikari.HikariDataSource - HikariPool-1 - Starting...
2025-12-17 16:56:57 INFO  com.zaxxer.hikari.pool.HikariPool - HikariPool-1 - Added connection com.mysql.cj.jdbc.ConnectionImpl@12dc702b
2025-12-17 16:56:57 INFO  com.zaxxer.hikari.HikariDataSource - HikariPool-1 - Start completed.
2025-12-17 16:56:58 INFO  o.hibernate.orm.connections.pooling - HHH10001005: Database info:
	Database JDBC URL [Connecting through datasource 'HikariDataSource (HikariPool-1)']
	Database driver: undefined/unknown
	Database version: 8.0.44
	Autocommit mode: undefined/unknown
	Isolation level: undefined/unknown
	Minimum pool size: undefined/unknown
	Maximum pool size: undefined/unknown
2025-12-17 16:57:07 INFO  o.h.e.t.j.p.i.JtaPlatformInitiator - HHH000489: No JTA platform available (set 'hibernate.transaction.jta.platform' to enable JTA platform integration)
2025-12-17 16:57:07 INFO  o.s.o.j.LocalContainerEntityManagerFactoryBean - Initialized JPA EntityManagerFactory for persistence unit 'default'
2025-12-17 16:57:11 WARN  o.s.b.a.o.j.JpaBaseConfiguration$JpaWebConfiguration - spring.jpa.open-in-view is enabled by default. Therefore, database queries may be performed during view rendering. Explicitly configure spring.jpa.open-in-view to disable this warning
2025-12-17 16:57:12 INFO  o.s.c.o.FeignClientFactoryBean - For 'FLIGHT-MICROSERVICE' URL not provided. Will try picking an instance via load-balancing.
2025-12-17 16:57:20 INFO  o.s.c.n.e.c.DiscoveryClientOptionalArgsConfiguration - Eureka HTTP Client uses RestTemplate.
2025-12-17 16:57:20 WARN  o.s.c.l.c.LoadBalancerCacheAutoConfiguration$LoadBalancerCaffeineWarnLogger - Spring Cloud LoadBalancer is currently working with the default cache. While this cache implementation is useful for development and tests, it's recommended to use Caffeine cache in production.You can switch to using Caffeine cache, by adding it and org.springframework.cache.caffeine.CaffeineCacheManager to the classpath.
2025-12-17 16:57:21 INFO  o.s.c.n.eureka.InstanceInfoFactory - Setting initial instance status as: STARTING
2025-12-17 16:57:21 INFO  c.netflix.discovery.DiscoveryClient - Initializing Eureka in region us-east-1
2025-12-17 16:57:21 INFO  c.n.d.s.r.aws.ConfigClusterResolver - Resolving eureka endpoints via configuration
2025-12-17 16:57:21 INFO  c.netflix.discovery.DiscoveryClient - Disable delta property : false
2025-12-17 16:57:21 INFO  c.netflix.discovery.DiscoveryClient - Single vip registry refresh property : null
2025-12-17 16:57:21 INFO  c.netflix.discovery.DiscoveryClient - Force full registry fetch : false
2025-12-17 16:57:21 INFO  c.netflix.discovery.DiscoveryClient - Application is null : false
2025-12-17 16:57:21 INFO  c.netflix.discovery.DiscoveryClient - Registered Applications size is zero : true
2025-12-17 16:57:21 INFO  c.netflix.discovery.DiscoveryClient - Application version is -1: true
2025-12-17 16:57:21 INFO  c.netflix.discovery.DiscoveryClient - Getting all instance registry info from the eureka server
2025-12-17 16:57:22 INFO  c.netflix.discovery.DiscoveryClient - The response status is 200
2025-12-17 16:57:22 INFO  c.netflix.discovery.DiscoveryClient - Starting heartbeat executor: renew interval is: 30
2025-12-17 16:57:22 INFO  c.n.discovery.InstanceInfoReplicator - InstanceInfoReplicator onDemand update allowed rate per min is 4
2025-12-17 16:57:22 INFO  c.netflix.discovery.DiscoveryClient - Discovery Client initialized at timestamp 1765990642700 with initial instances count: 2
2025-12-17 16:57:22 INFO  o.s.c.n.e.s.EurekaServiceRegistry - Registering application BOOKING-MICROSERVICE with eureka with status UP
2025-12-17 16:57:22 INFO  c.netflix.discovery.DiscoveryClient - Saw local status change event StatusChangeEvent [timestamp=1765990642762, current=UP, previous=STARTING]
2025-12-17 16:57:22 INFO  c.netflix.discovery.DiscoveryClient - DiscoveryClient_BOOKING-MICROSERVICE/584c961cc141:BOOKING-MICROSERVICE: registering service...
2025-12-17 16:57:22 INFO  o.s.b.w.e.tomcat.TomcatWebServer - Tomcat started on port 8080 (http) with context path '/'
2025-12-17 16:57:22 INFO  o.s.c.n.e.s.EurekaAutoServiceRegistration - Updating port to 8080
2025-12-17 16:57:22 INFO  c.b.BookingMicroserviceApplication - Started BookingMicroserviceApplication in 65.321 seconds (process running for 75.043)
2025-12-17 16:57:22 INFO  c.netflix.discovery.DiscoveryClient - DiscoveryClient_BOOKING-MICROSERVICE/584c961cc141:BOOKING-MICROSERVICE - registration status: 204
2025-12-17 17:02:21 INFO  c.n.d.s.r.aws.ConfigClusterResolver - Resolving eureka endpoints via configuration
2025-12-17 17:07:21 INFO  c.n.d.s.r.aws.ConfigClusterResolver - Resolving eureka endpoints via configuration
2025-12-17 17:12:21 INFO  c.n.d.s.r.aws.ConfigClusterResolver - Resolving eureka endpoints via configuration
2025-12-17 17:17:21 INFO  c.n.d.s.r.aws.ConfigClusterResolver - Resolving eureka endpoints via configuration
2025-12-17 17:22:21 INFO  c.n.d.s.r.aws.ConfigClusterResolver - Resolving eureka endpoints via configuration
2025-12-17 17:24:30 INFO  o.s.c.n.e.s.EurekaServiceRegistry - Unregistering application BOOKING-MICROSERVICE with eureka with status DOWN
2025-12-17 17:24:30 INFO  c.netflix.discovery.DiscoveryClient - Saw local status change event StatusChangeEvent [timestamp=1765992270796, current=DOWN, previous=UP]
2025-12-17 17:24:30 INFO  c.netflix.discovery.DiscoveryClient - DiscoveryClient_BOOKING-MICROSERVICE/584c961cc141:BOOKING-MICROSERVICE: registering service...
2025-12-17 17:24:30 INFO  c.netflix.discovery.DiscoveryClient - DiscoveryClient_BOOKING-MICROSERVICE/584c961cc141:BOOKING-MICROSERVICE - registration status: 204
2025-12-17 17:24:31 INFO  o.s.b.w.e.tomcat.GracefulShutdown - Commencing graceful shutdown. Waiting for active requests to complete
2025-12-17 17:24:31 INFO  o.s.b.w.e.tomcat.GracefulShutdown - Graceful shutdown complete
2025-12-17 17:24:31 INFO  o.s.o.j.LocalContainerEntityManagerFactoryBean - Closing JPA EntityManagerFactory for persistence unit 'default'
2025-12-17 17:24:31 INFO  com.zaxxer.hikari.HikariDataSource - HikariPool-1 - Shutdown initiated...
2025-12-17 17:24:31 INFO  com.zaxxer.hikari.HikariDataSource - HikariPool-1 - Shutdown completed.
2025-12-17 17:24:31 INFO  c.netflix.discovery.DiscoveryClient - Shutting down DiscoveryClient ...
2025-12-17 17:28:35 INFO  c.b.BookingMicroserviceApplication - Starting BookingMicroserviceApplication v3.1.0 using Java 17.0.17 with PID 1 (/app/app.jar started by root in /app)
2025-12-17 17:28:35 INFO  c.b.BookingMicroserviceApplication - No active profile set, falling back to 1 default profile: "default"
2025-12-17 17:28:35 INFO  o.s.c.c.c.ConfigServerConfigDataLoader - Fetching config from server at : http://config-server:8888
2025-12-17 17:28:35 INFO  o.s.c.c.c.ConfigServerConfigDataLoader - Located environment: name=BOOKING-MICROSERVICE, profiles=[default], label=null, version=74fd5769d2a5f60859253cb70c745355bccc3a1b, state=null
2025-12-17 17:28:41 INFO  o.s.d.r.c.RepositoryConfigurationDelegate - Bootstrapping Spring Data JPA repositories in DEFAULT mode.
2025-12-17 17:28:43 INFO  o.s.d.r.c.RepositoryConfigurationDelegate - Finished Spring Data repository scanning in 2118 ms. Found 1 JPA repository interface.
2025-12-17 17:28:47 INFO  o.s.cloud.context.scope.GenericScope - BeanFactory id=94962c1e-bd51-34eb-b4bc-5aca86045416
2025-12-17 17:28:54 INFO  o.s.b.w.e.tomcat.TomcatWebServer - Tomcat initialized with port 8080 (http)
2025-12-17 17:28:55 INFO  o.a.catalina.core.StandardService - Starting service [Tomcat]
2025-12-17 17:28:55 INFO  o.a.catalina.core.StandardEngine - Starting Servlet engine: [Apache Tomcat/10.1.49]
2025-12-17 17:28:55 INFO  o.a.c.c.C.[Tomcat].[localhost].[/] - Initializing Spring embedded WebApplicationContext
2025-12-17 17:28:55 INFO  o.s.b.w.s.c.ServletWebServerApplicationContext - Root WebApplicationContext: initialization completed in 20135 ms
2025-12-17 17:28:58 INFO  o.h.jpa.internal.util.LogHelper - HHH000204: Processing PersistenceUnitInfo [name: default]
2025-12-17 17:28:58 INFO  org.hibernate.Version - HHH000412: Hibernate ORM core version 6.6.36.Final
2025-12-17 17:28:59 INFO  o.h.c.i.RegionFactoryInitiator - HHH000026: Second-level cache disabled
2025-12-17 17:29:00 INFO  o.s.o.j.p.SpringPersistenceUnitInfo - No LoadTimeWeaver setup: ignoring JPA class transformer
2025-12-17 17:29:00 INFO  com.zaxxer.hikari.HikariDataSource - HikariPool-1 - Starting...
2025-12-17 17:29:01 INFO  com.zaxxer.hikari.pool.HikariPool - HikariPool-1 - Added connection com.mysql.cj.jdbc.ConnectionImpl@b889cb6
2025-12-17 17:29:01 INFO  com.zaxxer.hikari.HikariDataSource - HikariPool-1 - Start completed.
2025-12-17 17:29:01 INFO  o.hibernate.orm.connections.pooling - HHH10001005: Database info:
	Database JDBC URL [Connecting through datasource 'HikariDataSource (HikariPool-1)']
	Database driver: undefined/unknown
	Database version: 8.0.44
	Autocommit mode: undefined/unknown
	Isolation level: undefined/unknown
	Minimum pool size: undefined/unknown
	Maximum pool size: undefined/unknown
2025-12-17 17:29:06 INFO  o.h.e.t.j.p.i.JtaPlatformInitiator - HHH000489: No JTA platform available (set 'hibernate.transaction.jta.platform' to enable JTA platform integration)
2025-12-17 17:29:07 INFO  o.s.o.j.LocalContainerEntityManagerFactoryBean - Initialized JPA EntityManagerFactory for persistence unit 'default'
2025-12-17 17:29:13 WARN  o.s.b.a.o.j.JpaBaseConfiguration$JpaWebConfiguration - spring.jpa.open-in-view is enabled by default. Therefore, database queries may be performed during view rendering. Explicitly configure spring.jpa.open-in-view to disable this warning
2025-12-17 17:29:15 INFO  o.s.c.o.FeignClientFactoryBean - For 'FLIGHT-MICROSERVICE' URL not provided. Will try picking an instance via load-balancing.
2025-12-17 17:29:27 INFO  o.s.c.n.e.c.DiscoveryClientOptionalArgsConfiguration - Eureka HTTP Client uses RestTemplate.
2025-12-17 17:29:28 WARN  o.s.c.l.c.LoadBalancerCacheAutoConfiguration$LoadBalancerCaffeineWarnLogger - Spring Cloud LoadBalancer is currently working with the default cache. While this cache implementation is useful for development and tests, it's recommended to use Caffeine cache in production.You can switch to using Caffeine cache, by adding it and org.springframework.cache.caffeine.CaffeineCacheManager to the classpath.
2025-12-17 17:29:28 INFO  o.s.c.n.eureka.InstanceInfoFactory - Setting initial instance status as: STARTING
2025-12-17 17:29:28 INFO  c.netflix.discovery.DiscoveryClient - Initializing Eureka in region us-east-1
2025-12-17 17:29:28 INFO  c.n.d.s.r.aws.ConfigClusterResolver - Resolving eureka endpoints via configuration
2025-12-17 17:29:28 INFO  c.netflix.discovery.DiscoveryClient - Disable delta property : false
2025-12-17 17:29:28 INFO  c.netflix.discovery.DiscoveryClient - Single vip registry refresh property : null
2025-12-17 17:29:28 INFO  c.netflix.discovery.DiscoveryClient - Force full registry fetch : false
2025-12-17 17:29:28 INFO  c.netflix.discovery.DiscoveryClient - Application is null : false
2025-12-17 17:29:28 INFO  c.netflix.discovery.DiscoveryClient - Registered Applications size is zero : true
2025-12-17 17:29:28 INFO  c.netflix.discovery.DiscoveryClient - Application version is -1: true
2025-12-17 17:29:28 INFO  c.netflix.discovery.DiscoveryClient - Getting all instance registry info from the eureka server
2025-12-17 17:29:29 INFO  c.netflix.discovery.DiscoveryClient - The response status is 200
2025-12-17 17:29:29 INFO  c.netflix.discovery.DiscoveryClient - Starting heartbeat executor: renew interval is: 30
2025-12-17 17:29:29 INFO  c.n.discovery.InstanceInfoReplicator - InstanceInfoReplicator onDemand update allowed rate per min is 4
2025-12-17 17:29:29 INFO  c.netflix.discovery.DiscoveryClient - Discovery Client initialized at timestamp 1765992569823 with initial instances count: 2
2025-12-17 17:29:29 INFO  o.s.c.n.e.s.EurekaServiceRegistry - Registering application BOOKING-MICROSERVICE with eureka with status UP
2025-12-17 17:29:29 INFO  c.netflix.discovery.DiscoveryClient - Saw local status change event StatusChangeEvent [timestamp=1765992569865, current=UP, previous=STARTING]
2025-12-17 17:29:29 INFO  c.netflix.discovery.DiscoveryClient - DiscoveryClient_BOOKING-MICROSERVICE/12b7490c6f0e:BOOKING-MICROSERVICE: registering service...
2025-12-17 17:29:29 INFO  o.s.b.w.e.tomcat.TomcatWebServer - Tomcat started on port 8080 (http) with context path '/'
2025-12-17 17:29:29 INFO  o.s.c.n.e.s.EurekaAutoServiceRegistration - Updating port to 8080
2025-12-17 17:29:30 INFO  c.b.BookingMicroserviceApplication - Started BookingMicroserviceApplication in 64.113 seconds (process running for 67.118)
2025-12-17 17:29:30 INFO  c.netflix.discovery.DiscoveryClient - DiscoveryClient_BOOKING-MICROSERVICE/12b7490c6f0e:BOOKING-MICROSERVICE - registration status: 204
2025-12-17 17:34:28 INFO  c.n.d.s.r.aws.ConfigClusterResolver - Resolving eureka endpoints via configuration
2025-12-17 17:39:28 INFO  c.n.d.s.r.aws.ConfigClusterResolver - Resolving eureka endpoints via configuration
2025-12-17 17:44:28 INFO  c.n.d.s.r.aws.ConfigClusterResolver - Resolving eureka endpoints via configuration
2025-12-17 17:47:36 INFO  o.s.c.n.e.s.EurekaServiceRegistry - Unregistering application BOOKING-MICROSERVICE with eureka with status DOWN
2025-12-17 17:47:36 INFO  c.netflix.discovery.DiscoveryClient - Saw local status change event StatusChangeEvent [timestamp=1765993656194, current=DOWN, previous=UP]
2025-12-17 17:47:36 INFO  c.netflix.discovery.DiscoveryClient - DiscoveryClient_BOOKING-MICROSERVICE/12b7490c6f0e:BOOKING-MICROSERVICE: registering service...
2025-12-17 17:47:36 INFO  o.s.b.w.e.tomcat.GracefulShutdown - Commencing graceful shutdown. Waiting for active requests to complete
2025-12-17 17:47:36 INFO  c.netflix.discovery.DiscoveryClient - DiscoveryClient_BOOKING-MICROSERVICE/12b7490c6f0e:BOOKING-MICROSERVICE - registration status: 204
2025-12-17 17:47:36 INFO  o.s.b.w.e.tomcat.GracefulShutdown - Graceful shutdown complete
2025-12-17 17:47:36 INFO  o.s.o.j.LocalContainerEntityManagerFactoryBean - Closing JPA EntityManagerFactory for persistence unit 'default'
2025-12-17 17:47:36 INFO  com.zaxxer.hikari.HikariDataSource - HikariPool-1 - Shutdown initiated...
2025-12-17 17:47:36 INFO  com.zaxxer.hikari.HikariDataSource - HikariPool-1 - Shutdown completed.
2025-12-17 17:47:36 INFO  c.netflix.discovery.DiscoveryClient - Shutting down DiscoveryClient ...
2025-12-17 17:49:26 INFO  c.b.BookingMicroserviceApplication - Starting BookingMicroserviceApplication v3.1.0 using Java 17.0.17 with PID 1 (/app/app.jar started by root in /app)
2025-12-17 17:49:26 INFO  c.b.BookingMicroserviceApplication - No active profile set, falling back to 1 default profile: "default"
2025-12-17 17:49:26 INFO  o.s.c.c.c.ConfigServerConfigDataLoader - Fetching config from server at : http://config-server:8888
2025-12-17 17:49:26 INFO  o.s.c.c.c.ConfigServerConfigDataLoader - Located environment: name=BOOKING-MICROSERVICE, profiles=[default], label=null, version=74fd5769d2a5f60859253cb70c745355bccc3a1b, state=null
2025-12-17 17:49:34 INFO  o.s.d.r.c.RepositoryConfigurationDelegate - Bootstrapping Spring Data JPA repositories in DEFAULT mode.
2025-12-17 17:49:35 INFO  o.s.d.r.c.RepositoryConfigurationDelegate - Finished Spring Data repository scanning in 1112 ms. Found 1 JPA repository interface.
2025-12-17 17:49:40 INFO  o.s.cloud.context.scope.GenericScope - BeanFactory id=94962c1e-bd51-34eb-b4bc-5aca86045416
2025-12-17 17:49:47 INFO  o.s.b.w.e.tomcat.TomcatWebServer - Tomcat initialized with port 8080 (http)
2025-12-17 17:49:47 INFO  o.a.catalina.core.StandardService - Starting service [Tomcat]
2025-12-17 17:49:47 INFO  o.a.catalina.core.StandardEngine - Starting Servlet engine: [Apache Tomcat/10.1.49]
2025-12-17 17:49:48 INFO  o.a.c.c.C.[Tomcat].[localhost].[/] - Initializing Spring embedded WebApplicationContext
2025-12-17 17:49:48 INFO  o.s.b.w.s.c.ServletWebServerApplicationContext - Root WebApplicationContext: initialization completed in 21104 ms
2025-12-17 17:49:49 INFO  o.h.jpa.internal.util.LogHelper - HHH000204: Processing PersistenceUnitInfo [name: default]
2025-12-17 17:49:50 INFO  org.hibernate.Version - HHH000412: Hibernate ORM core version 6.6.36.Final
2025-12-17 17:49:50 INFO  o.h.c.i.RegionFactoryInitiator - HHH000026: Second-level cache disabled
2025-12-17 17:49:51 INFO  o.s.o.j.p.SpringPersistenceUnitInfo - No LoadTimeWeaver setup: ignoring JPA class transformer
2025-12-17 17:49:51 INFO  com.zaxxer.hikari.HikariDataSource - HikariPool-1 - Starting...
2025-12-17 17:49:52 INFO  com.zaxxer.hikari.pool.HikariPool - HikariPool-1 - Added connection com.mysql.cj.jdbc.ConnectionImpl@b889cb6
2025-12-17 17:49:52 INFO  com.zaxxer.hikari.HikariDataSource - HikariPool-1 - Start completed.
2025-12-17 17:49:53 INFO  o.hibernate.orm.connections.pooling - HHH10001005: Database info:
	Database JDBC URL [Connecting through datasource 'HikariDataSource (HikariPool-1)']
	Database driver: undefined/unknown
	Database version: 8.0.44
	Autocommit mode: undefined/unknown
	Isolation level: undefined/unknown
	Minimum pool size: undefined/unknown
	Maximum pool size: undefined/unknown
2025-12-17 17:49:57 INFO  o.h.e.t.j.p.i.JtaPlatformInitiator - HHH000489: No JTA platform available (set 'hibernate.transaction.jta.platform' to enable JTA platform integration)
2025-12-17 17:49:57 INFO  o.s.o.j.LocalContainerEntityManagerFactoryBean - Initialized JPA EntityManagerFactory for persistence unit 'default'
2025-12-17 17:49:58 WARN  o.s.b.a.o.j.JpaBaseConfiguration$JpaWebConfiguration - spring.jpa.open-in-view is enabled by default. Therefore, database queries may be performed during view rendering. Explicitly configure spring.jpa.open-in-view to disable this warning
2025-12-17 17:49:59 INFO  o.s.c.o.FeignClientFactoryBean - For 'FLIGHT-MICROSERVICE' URL not provided. Will try picking an instance via load-balancing.
2025-12-17 17:50:08 INFO  o.s.c.n.e.c.DiscoveryClientOptionalArgsConfiguration - Eureka HTTP Client uses RestTemplate.
2025-12-17 17:50:09 WARN  o.s.c.l.c.LoadBalancerCacheAutoConfiguration$LoadBalancerCaffeineWarnLogger - Spring Cloud LoadBalancer is currently working with the default cache. While this cache implementation is useful for development and tests, it's recommended to use Caffeine cache in production.You can switch to using Caffeine cache, by adding it and org.springframework.cache.caffeine.CaffeineCacheManager to the classpath.
2025-12-17 17:50:09 INFO  o.s.c.n.eureka.InstanceInfoFactory - Setting initial instance status as: STARTING
2025-12-17 17:50:09 INFO  c.netflix.discovery.DiscoveryClient - Initializing Eureka in region us-east-1
2025-12-17 17:50:09 INFO  c.n.d.s.r.aws.ConfigClusterResolver - Resolving eureka endpoints via configuration
2025-12-17 17:50:09 INFO  c.netflix.discovery.DiscoveryClient - Disable delta property : false
2025-12-17 17:50:09 INFO  c.netflix.discovery.DiscoveryClient - Single vip registry refresh property : null
2025-12-17 17:50:09 INFO  c.netflix.discovery.DiscoveryClient - Force full registry fetch : false
2025-12-17 17:50:09 INFO  c.netflix.discovery.DiscoveryClient - Application is null : false
2025-12-17 17:50:09 INFO  c.netflix.discovery.DiscoveryClient - Registered Applications size is zero : true
2025-12-17 17:50:09 INFO  c.netflix.discovery.DiscoveryClient - Application version is -1: true
2025-12-17 17:50:09 INFO  c.netflix.discovery.DiscoveryClient - Getting all instance registry info from the eureka server
2025-12-17 17:50:11 INFO  c.netflix.discovery.DiscoveryClient - The response status is 200
2025-12-17 17:50:11 INFO  c.netflix.discovery.DiscoveryClient - Starting heartbeat executor: renew interval is: 30
2025-12-17 17:50:11 INFO  c.n.discovery.InstanceInfoReplicator - InstanceInfoReplicator onDemand update allowed rate per min is 4
2025-12-17 17:50:11 INFO  c.netflix.discovery.DiscoveryClient - Discovery Client initialized at timestamp 1765993811086 with initial instances count: 3
2025-12-17 17:50:11 INFO  o.s.c.n.e.s.EurekaServiceRegistry - Registering application BOOKING-MICROSERVICE with eureka with status UP
2025-12-17 17:50:11 INFO  c.netflix.discovery.DiscoveryClient - Saw local status change event StatusChangeEvent [timestamp=1765993811147, current=UP, previous=STARTING]
2025-12-17 17:50:11 INFO  c.netflix.discovery.DiscoveryClient - DiscoveryClient_BOOKING-MICROSERVICE/03e43618d776:BOOKING-MICROSERVICE: registering service...
2025-12-17 17:50:11 INFO  o.s.b.w.e.tomcat.TomcatWebServer - Tomcat started on port 8080 (http) with context path '/'
2025-12-17 17:50:11 INFO  o.s.c.n.e.s.EurekaAutoServiceRegistration - Updating port to 8080
2025-12-17 17:50:11 INFO  c.b.BookingMicroserviceApplication - Started BookingMicroserviceApplication in 53.772 seconds (process running for 55.136)
2025-12-17 17:50:11 INFO  c.netflix.discovery.DiscoveryClient - DiscoveryClient_BOOKING-MICROSERVICE/03e43618d776:BOOKING-MICROSERVICE - registration status: 204
2025-12-17 17:55:09 INFO  c.n.d.s.r.aws.ConfigClusterResolver - Resolving eureka endpoints via configuration
2025-12-17 18:00:09 INFO  c.n.d.s.r.aws.ConfigClusterResolver - Resolving eureka endpoints via configuration
2025-12-17 18:05:09 INFO  c.n.d.s.r.aws.ConfigClusterResolver - Resolving eureka endpoints via configuration
2025-12-17 18:07:13 INFO  o.s.c.n.e.s.EurekaServiceRegistry - Unregistering application BOOKING-MICROSERVICE with eureka with status DOWN
2025-12-17 18:07:13 INFO  c.netflix.discovery.DiscoveryClient - Saw local status change event StatusChangeEvent [timestamp=1765994833415, current=DOWN, previous=UP]
2025-12-17 18:07:13 INFO  c.netflix.discovery.DiscoveryClient - DiscoveryClient_BOOKING-MICROSERVICE/03e43618d776:BOOKING-MICROSERVICE: registering service...
2025-12-17 18:07:13 INFO  o.s.b.w.e.tomcat.GracefulShutdown - Commencing graceful shutdown. Waiting for active requests to complete
2025-12-17 18:07:13 INFO  c.netflix.discovery.DiscoveryClient - DiscoveryClient_BOOKING-MICROSERVICE/03e43618d776:BOOKING-MICROSERVICE - registration status: 204
2025-12-17 18:07:13 INFO  o.s.b.w.e.tomcat.GracefulShutdown - Graceful shutdown complete
2025-12-17 18:07:13 INFO  o.s.o.j.LocalContainerEntityManagerFactoryBean - Closing JPA EntityManagerFactory for persistence unit 'default'
2025-12-17 18:07:13 INFO  com.zaxxer.hikari.HikariDataSource - HikariPool-1 - Shutdown initiated...
2025-12-17 18:07:13 INFO  com.zaxxer.hikari.HikariDataSource - HikariPool-1 - Shutdown completed.
2025-12-17 18:07:13 INFO  c.netflix.discovery.DiscoveryClient - Shutting down DiscoveryClient ...
2025-12-17 18:09:01 INFO  c.b.BookingMicroserviceApplication - Starting BookingMicroserviceApplication v3.1.0 using Java 17.0.17 with PID 1 (/app/app.jar started by root in /app)
2025-12-17 18:09:01 INFO  c.b.BookingMicroserviceApplication - No active profile set, falling back to 1 default profile: "default"
2025-12-17 18:09:02 INFO  o.s.c.c.c.ConfigServerConfigDataLoader - Fetching config from server at : http://config-server:8888
2025-12-17 18:09:02 INFO  o.s.c.c.c.ConfigServerConfigDataLoader - Located environment: name=BOOKING-MICROSERVICE, profiles=[default], label=null, version=74fd5769d2a5f60859253cb70c745355bccc3a1b, state=null
2025-12-17 18:09:08 INFO  o.s.d.r.c.RepositoryConfigurationDelegate - Bootstrapping Spring Data JPA repositories in DEFAULT mode.
2025-12-17 18:09:09 INFO  o.s.d.r.c.RepositoryConfigurationDelegate - Finished Spring Data repository scanning in 878 ms. Found 1 JPA repository interface.
2025-12-17 18:09:12 INFO  o.s.cloud.context.scope.GenericScope - BeanFactory id=94962c1e-bd51-34eb-b4bc-5aca86045416
2025-12-17 18:09:15 INFO  o.s.b.w.e.tomcat.TomcatWebServer - Tomcat initialized with port 8080 (http)
2025-12-17 18:09:15 INFO  o.a.catalina.core.StandardService - Starting service [Tomcat]
2025-12-17 18:09:15 INFO  o.a.catalina.core.StandardEngine - Starting Servlet engine: [Apache Tomcat/10.1.49]
2025-12-17 18:09:16 INFO  o.a.c.c.C.[Tomcat].[localhost].[/] - Initializing Spring embedded WebApplicationContext
2025-12-17 18:09:16 INFO  o.s.b.w.s.c.ServletWebServerApplicationContext - Root WebApplicationContext: initialization completed in 13838 ms
2025-12-17 18:09:17 INFO  o.h.jpa.internal.util.LogHelper - HHH000204: Processing PersistenceUnitInfo [name: default]
2025-12-17 18:09:18 INFO  org.hibernate.Version - HHH000412: Hibernate ORM core version 6.6.36.Final
2025-12-17 18:09:18 INFO  o.h.c.i.RegionFactoryInitiator - HHH000026: Second-level cache disabled
2025-12-17 18:09:19 INFO  o.s.o.j.p.SpringPersistenceUnitInfo - No LoadTimeWeaver setup: ignoring JPA class transformer
2025-12-17 18:09:20 INFO  com.zaxxer.hikari.HikariDataSource - HikariPool-1 - Starting...
2025-12-17 18:09:21 INFO  com.zaxxer.hikari.pool.HikariPool - HikariPool-1 - Added connection com.mysql.cj.jdbc.ConnectionImpl@54c37dab
2025-12-17 18:09:21 INFO  com.zaxxer.hikari.HikariDataSource - HikariPool-1 - Start completed.
2025-12-17 18:09:22 INFO  o.hibernate.orm.connections.pooling - HHH10001005: Database info:
	Database JDBC URL [Connecting through datasource 'HikariDataSource (HikariPool-1)']
	Database driver: undefined/unknown
	Database version: 8.0.44
	Autocommit mode: undefined/unknown
	Isolation level: undefined/unknown
	Minimum pool size: undefined/unknown
	Maximum pool size: undefined/unknown
2025-12-17 18:09:26 INFO  o.h.e.t.j.p.i.JtaPlatformInitiator - HHH000489: No JTA platform available (set 'hibernate.transaction.jta.platform' to enable JTA platform integration)
2025-12-17 18:09:27 INFO  o.s.o.j.LocalContainerEntityManagerFactoryBean - Initialized JPA EntityManagerFactory for persistence unit 'default'
2025-12-17 18:09:29 WARN  o.s.b.a.o.j.JpaBaseConfiguration$JpaWebConfiguration - spring.jpa.open-in-view is enabled by default. Therefore, database queries may be performed during view rendering. Explicitly configure spring.jpa.open-in-view to disable this warning
2025-12-17 18:09:30 INFO  o.s.c.o.FeignClientFactoryBean - For 'FLIGHT-MICROSERVICE' URL not provided. Will try picking an instance via load-balancing.
2025-12-17 18:09:36 INFO  o.s.c.n.e.c.DiscoveryClientOptionalArgsConfiguration - Eureka HTTP Client uses RestTemplate.
2025-12-17 18:09:37 WARN  o.s.c.l.c.LoadBalancerCacheAutoConfiguration$LoadBalancerCaffeineWarnLogger - Spring Cloud LoadBalancer is currently working with the default cache. While this cache implementation is useful for development and tests, it's recommended to use Caffeine cache in production.You can switch to using Caffeine cache, by adding it and org.springframework.cache.caffeine.CaffeineCacheManager to the classpath.
2025-12-17 18:09:37 INFO  o.s.c.n.eureka.InstanceInfoFactory - Setting initial instance status as: STARTING
2025-12-17 18:09:37 INFO  c.netflix.discovery.DiscoveryClient - Initializing Eureka in region us-east-1
2025-12-17 18:09:37 INFO  c.n.d.s.r.aws.ConfigClusterResolver - Resolving eureka endpoints via configuration
2025-12-17 18:09:37 INFO  c.netflix.discovery.DiscoveryClient - Disable delta property : false
2025-12-17 18:09:37 INFO  c.netflix.discovery.DiscoveryClient - Single vip registry refresh property : null
2025-12-17 18:09:37 INFO  c.netflix.discovery.DiscoveryClient - Force full registry fetch : false
2025-12-17 18:09:37 INFO  c.netflix.discovery.DiscoveryClient - Application is null : false
2025-12-17 18:09:37 INFO  c.netflix.discovery.DiscoveryClient - Registered Applications size is zero : true
2025-12-17 18:09:37 INFO  c.netflix.discovery.DiscoveryClient - Application version is -1: true
2025-12-17 18:09:37 INFO  c.netflix.discovery.DiscoveryClient - Getting all instance registry info from the eureka server
2025-12-17 18:09:38 INFO  c.netflix.discovery.DiscoveryClient - The response status is 200
2025-12-17 18:09:38 INFO  c.netflix.discovery.DiscoveryClient - Starting heartbeat executor: renew interval is: 30
2025-12-17 18:09:38 INFO  c.n.discovery.InstanceInfoReplicator - InstanceInfoReplicator onDemand update allowed rate per min is 4
2025-12-17 18:09:38 INFO  c.netflix.discovery.DiscoveryClient - Discovery Client initialized at timestamp 1765994978528 with initial instances count: 3
2025-12-17 18:09:38 INFO  o.s.c.n.e.s.EurekaServiceRegistry - Registering application BOOKING-MICROSERVICE with eureka with status UP
2025-12-17 18:09:38 INFO  c.netflix.discovery.DiscoveryClient - Saw local status change event StatusChangeEvent [timestamp=1765994978569, current=UP, previous=STARTING]
2025-12-17 18:09:38 INFO  c.netflix.discovery.DiscoveryClient - DiscoveryClient_BOOKING-MICROSERVICE/0bb6b0403dab:BOOKING-MICROSERVICE: registering service...
2025-12-17 18:09:38 INFO  o.s.b.w.e.tomcat.TomcatWebServer - Tomcat started on port 8080 (http) with context path '/'
2025-12-17 18:09:38 INFO  o.s.c.n.e.s.EurekaAutoServiceRegistration - Updating port to 8080
2025-12-17 18:09:38 INFO  c.b.BookingMicroserviceApplication - Started BookingMicroserviceApplication in 47.621 seconds (process running for 49.213)
2025-12-17 18:09:38 INFO  c.netflix.discovery.DiscoveryClient - DiscoveryClient_BOOKING-MICROSERVICE/0bb6b0403dab:BOOKING-MICROSERVICE - registration status: 204
2025-12-17 18:14:37 INFO  c.n.d.s.r.aws.ConfigClusterResolver - Resolving eureka endpoints via configuration
2025-12-17 18:17:15 INFO  o.s.c.n.e.s.EurekaServiceRegistry - Unregistering application BOOKING-MICROSERVICE with eureka with status DOWN
2025-12-17 18:17:15 INFO  c.netflix.discovery.DiscoveryClient - Saw local status change event StatusChangeEvent [timestamp=1765995435212, current=DOWN, previous=UP]
2025-12-17 18:17:15 INFO  c.netflix.discovery.DiscoveryClient - DiscoveryClient_BOOKING-MICROSERVICE/0bb6b0403dab:BOOKING-MICROSERVICE: registering service...
2025-12-17 18:17:15 INFO  o.s.b.w.e.tomcat.GracefulShutdown - Commencing graceful shutdown. Waiting for active requests to complete
2025-12-17 18:17:15 INFO  c.netflix.discovery.DiscoveryClient - DiscoveryClient_BOOKING-MICROSERVICE/0bb6b0403dab:BOOKING-MICROSERVICE - registration status: 204
2025-12-17 18:17:15 INFO  o.s.b.w.e.tomcat.GracefulShutdown - Graceful shutdown complete
2025-12-17 18:17:15 INFO  o.s.o.j.LocalContainerEntityManagerFactoryBean - Closing JPA EntityManagerFactory for persistence unit 'default'
2025-12-17 18:17:15 INFO  com.zaxxer.hikari.HikariDataSource - HikariPool-1 - Shutdown initiated...
2025-12-17 18:17:15 INFO  com.zaxxer.hikari.HikariDataSource - HikariPool-1 - Shutdown completed.
2025-12-17 18:17:15 INFO  c.netflix.discovery.DiscoveryClient - Shutting down DiscoveryClient ...
2025-12-17 18:19:30 INFO  c.b.BookingMicroserviceApplication - Starting BookingMicroserviceApplication v3.1.0 using Java 17.0.17 with PID 1 (/app/app.jar started by root in /app)
2025-12-17 18:19:30 INFO  c.b.BookingMicroserviceApplication - No active profile set, falling back to 1 default profile: "default"
2025-12-17 18:19:31 INFO  o.s.c.c.c.ConfigServerConfigDataLoader - Fetching config from server at : http://config-server:8888
2025-12-17 18:19:31 INFO  o.s.c.c.c.ConfigServerConfigDataLoader - Located environment: name=BOOKING-MICROSERVICE, profiles=[default], label=null, version=74fd5769d2a5f60859253cb70c745355bccc3a1b, state=null
2025-12-17 18:19:38 INFO  o.s.d.r.c.RepositoryConfigurationDelegate - Bootstrapping Spring Data JPA repositories in DEFAULT mode.
2025-12-17 18:19:39 INFO  o.s.d.r.c.RepositoryConfigurationDelegate - Finished Spring Data repository scanning in 1005 ms. Found 1 JPA repository interface.
2025-12-17 18:19:42 INFO  o.s.cloud.context.scope.GenericScope - BeanFactory id=94962c1e-bd51-34eb-b4bc-5aca86045416
2025-12-17 18:19:47 INFO  o.s.b.w.e.tomcat.TomcatWebServer - Tomcat initialized with port 8080 (http)
2025-12-17 18:19:47 INFO  o.a.catalina.core.StandardService - Starting service [Tomcat]
2025-12-17 18:19:47 INFO  o.a.catalina.core.StandardEngine - Starting Servlet engine: [Apache Tomcat/10.1.49]
2025-12-17 18:19:47 INFO  o.a.c.c.C.[Tomcat].[localhost].[/] - Initializing Spring embedded WebApplicationContext
2025-12-17 18:19:47 INFO  o.s.b.w.s.c.ServletWebServerApplicationContext - Root WebApplicationContext: initialization completed in 16694 ms
2025-12-17 18:19:50 INFO  o.h.jpa.internal.util.LogHelper - HHH000204: Processing PersistenceUnitInfo [name: default]
2025-12-17 18:19:50 INFO  org.hibernate.Version - HHH000412: Hibernate ORM core version 6.6.36.Final
2025-12-17 18:19:51 INFO  o.h.c.i.RegionFactoryInitiator - HHH000026: Second-level cache disabled
2025-12-17 18:19:54 INFO  o.s.o.j.p.SpringPersistenceUnitInfo - No LoadTimeWeaver setup: ignoring JPA class transformer
2025-12-17 18:19:54 INFO  com.zaxxer.hikari.HikariDataSource - HikariPool-1 - Starting...
2025-12-17 18:19:56 INFO  com.zaxxer.hikari.pool.HikariPool - HikariPool-1 - Added connection com.mysql.cj.jdbc.ConnectionImpl@563392e5
2025-12-17 18:19:56 INFO  com.zaxxer.hikari.HikariDataSource - HikariPool-1 - Start completed.
2025-12-17 18:19:56 INFO  o.hibernate.orm.connections.pooling - HHH10001005: Database info:
	Database JDBC URL [Connecting through datasource 'HikariDataSource (HikariPool-1)']
	Database driver: undefined/unknown
	Database version: 8.0.44
	Autocommit mode: undefined/unknown
	Isolation level: undefined/unknown
	Minimum pool size: undefined/unknown
	Maximum pool size: undefined/unknown
2025-12-17 18:20:02 INFO  o.h.e.t.j.p.i.JtaPlatformInitiator - HHH000489: No JTA platform available (set 'hibernate.transaction.jta.platform' to enable JTA platform integration)
2025-12-17 18:20:03 INFO  o.s.o.j.LocalContainerEntityManagerFactoryBean - Initialized JPA EntityManagerFactory for persistence unit 'default'
2025-12-17 18:20:06 WARN  o.s.b.a.o.j.JpaBaseConfiguration$JpaWebConfiguration - spring.jpa.open-in-view is enabled by default. Therefore, database queries may be performed during view rendering. Explicitly configure spring.jpa.open-in-view to disable this warning
2025-12-17 18:20:07 INFO  o.s.c.o.FeignClientFactoryBean - For 'FLIGHT-MICROSERVICE' URL not provided. Will try picking an instance via load-balancing.
2025-12-17 18:20:14 INFO  o.s.c.n.e.c.DiscoveryClientOptionalArgsConfiguration - Eureka HTTP Client uses RestTemplate.
2025-12-17 18:20:14 WARN  o.s.c.l.c.LoadBalancerCacheAutoConfiguration$LoadBalancerCaffeineWarnLogger - Spring Cloud LoadBalancer is currently working with the default cache. While this cache implementation is useful for development and tests, it's recommended to use Caffeine cache in production.You can switch to using Caffeine cache, by adding it and org.springframework.cache.caffeine.CaffeineCacheManager to the classpath.
2025-12-17 18:20:14 INFO  o.s.c.n.eureka.InstanceInfoFactory - Setting initial instance status as: STARTING
2025-12-17 18:20:14 INFO  c.netflix.discovery.DiscoveryClient - Initializing Eureka in region us-east-1
2025-12-17 18:20:14 INFO  c.n.d.s.r.aws.ConfigClusterResolver - Resolving eureka endpoints via configuration
2025-12-17 18:20:14 INFO  c.netflix.discovery.DiscoveryClient - Disable delta property : false
2025-12-17 18:20:14 INFO  c.netflix.discovery.DiscoveryClient - Single vip registry refresh property : null
2025-12-17 18:20:14 INFO  c.netflix.discovery.DiscoveryClient - Force full registry fetch : false
2025-12-17 18:20:14 INFO  c.netflix.discovery.DiscoveryClient - Application is null : false
2025-12-17 18:20:14 INFO  c.netflix.discovery.DiscoveryClient - Registered Applications size is zero : true
2025-12-17 18:20:14 INFO  c.netflix.discovery.DiscoveryClient - Application version is -1: true
2025-12-17 18:20:14 INFO  c.netflix.discovery.DiscoveryClient - Getting all instance registry info from the eureka server
2025-12-17 18:20:15 INFO  c.netflix.discovery.DiscoveryClient - The response status is 200
2025-12-17 18:20:15 INFO  c.netflix.discovery.DiscoveryClient - Starting heartbeat executor: renew interval is: 30
2025-12-17 18:20:15 INFO  c.n.discovery.InstanceInfoReplicator - InstanceInfoReplicator onDemand update allowed rate per min is 4
2025-12-17 18:20:15 INFO  c.netflix.discovery.DiscoveryClient - Discovery Client initialized at timestamp 1765995615960 with initial instances count: 2
2025-12-17 18:20:16 INFO  o.s.c.n.e.s.EurekaServiceRegistry - Registering application BOOKING-MICROSERVICE with eureka with status UP
2025-12-17 18:20:16 INFO  c.netflix.discovery.DiscoveryClient - Saw local status change event StatusChangeEvent [timestamp=1765995616057, current=UP, previous=STARTING]
2025-12-17 18:20:16 INFO  c.netflix.discovery.DiscoveryClient - DiscoveryClient_BOOKING-MICROSERVICE/8bb89b3c858f:BOOKING-MICROSERVICE: registering service...
2025-12-17 18:20:16 INFO  o.s.b.w.e.tomcat.TomcatWebServer - Tomcat started on port 8080 (http) with context path '/'
2025-12-17 18:20:16 INFO  o.s.c.n.e.s.EurekaAutoServiceRegistration - Updating port to 8080
2025-12-17 18:20:16 INFO  c.netflix.discovery.DiscoveryClient - DiscoveryClient_BOOKING-MICROSERVICE/8bb89b3c858f:BOOKING-MICROSERVICE - registration status: 204
2025-12-17 18:20:16 INFO  c.b.BookingMicroserviceApplication - Started BookingMicroserviceApplication in 62.444 seconds (process running for 71.147)
2025-12-17 18:24:33 INFO  o.s.c.n.e.s.EurekaServiceRegistry - Unregistering application BOOKING-MICROSERVICE with eureka with status DOWN
2025-12-17 18:24:33 INFO  c.netflix.discovery.DiscoveryClient - Saw local status change event StatusChangeEvent [timestamp=1765995873018, current=DOWN, previous=UP]
2025-12-17 18:24:33 INFO  c.netflix.discovery.DiscoveryClient - DiscoveryClient_BOOKING-MICROSERVICE/8bb89b3c858f:BOOKING-MICROSERVICE: registering service...
2025-12-17 18:24:33 INFO  o.s.b.w.e.tomcat.GracefulShutdown - Commencing graceful shutdown. Waiting for active requests to complete
2025-12-17 18:24:33 INFO  c.netflix.discovery.DiscoveryClient - DiscoveryClient_BOOKING-MICROSERVICE/8bb89b3c858f:BOOKING-MICROSERVICE - registration status: 204
2025-12-17 18:24:33 INFO  o.s.b.w.e.tomcat.GracefulShutdown - Graceful shutdown complete
2025-12-17 18:24:33 INFO  o.s.o.j.LocalContainerEntityManagerFactoryBean - Closing JPA EntityManagerFactory for persistence unit 'default'
2025-12-17 18:24:33 INFO  com.zaxxer.hikari.HikariDataSource - HikariPool-1 - Shutdown initiated...
2025-12-17 18:24:33 INFO  com.zaxxer.hikari.HikariDataSource - HikariPool-1 - Shutdown completed.
2025-12-17 18:24:33 INFO  c.netflix.discovery.DiscoveryClient - Shutting down DiscoveryClient ...
2025-12-17 18:26:39 INFO  c.b.BookingMicroserviceApplication - Starting BookingMicroserviceApplication v3.1.0 using Java 17.0.17 with PID 1 (/app/app.jar started by root in /app)
2025-12-17 18:26:39 INFO  c.b.BookingMicroserviceApplication - No active profile set, falling back to 1 default profile: "default"
2025-12-17 18:26:40 INFO  o.s.c.c.c.ConfigServerConfigDataLoader - Fetching config from server at : http://config-server:8888
2025-12-17 18:26:40 INFO  o.s.c.c.c.ConfigServerConfigDataLoader - Located environment: name=BOOKING-MICROSERVICE, profiles=[default], label=null, version=74fd5769d2a5f60859253cb70c745355bccc3a1b, state=null
2025-12-17 18:26:47 INFO  o.s.d.r.c.RepositoryConfigurationDelegate - Bootstrapping Spring Data JPA repositories in DEFAULT mode.
2025-12-17 18:26:47 INFO  o.s.d.r.c.RepositoryConfigurationDelegate - Finished Spring Data repository scanning in 904 ms. Found 1 JPA repository interface.
2025-12-17 18:26:50 INFO  o.s.cloud.context.scope.GenericScope - BeanFactory id=94962c1e-bd51-34eb-b4bc-5aca86045416
2025-12-17 18:26:55 INFO  o.s.b.w.e.tomcat.TomcatWebServer - Tomcat initialized with port 8080 (http)
2025-12-17 18:26:55 INFO  o.a.catalina.core.StandardService - Starting service [Tomcat]
2025-12-17 18:26:55 INFO  o.a.catalina.core.StandardEngine - Starting Servlet engine: [Apache Tomcat/10.1.49]
2025-12-17 18:26:55 INFO  o.a.c.c.C.[Tomcat].[localhost].[/] - Initializing Spring embedded WebApplicationContext
2025-12-17 18:26:55 INFO  o.s.b.w.s.c.ServletWebServerApplicationContext - Root WebApplicationContext: initialization completed in 15393 ms
2025-12-17 18:26:57 INFO  o.h.jpa.internal.util.LogHelper - HHH000204: Processing PersistenceUnitInfo [name: default]
2025-12-17 18:26:57 INFO  org.hibernate.Version - HHH000412: Hibernate ORM core version 6.6.36.Final
2025-12-17 18:26:57 INFO  o.h.c.i.RegionFactoryInitiator - HHH000026: Second-level cache disabled
2025-12-17 18:26:59 INFO  o.s.o.j.p.SpringPersistenceUnitInfo - No LoadTimeWeaver setup: ignoring JPA class transformer
2025-12-17 18:26:59 INFO  com.zaxxer.hikari.HikariDataSource - HikariPool-1 - Starting...
2025-12-17 18:27:00 INFO  com.zaxxer.hikari.pool.HikariPool - HikariPool-1 - Added connection com.mysql.cj.jdbc.ConnectionImpl@726a5e6a
2025-12-17 18:27:00 INFO  com.zaxxer.hikari.HikariDataSource - HikariPool-1 - Start completed.
2025-12-17 18:27:01 INFO  o.hibernate.orm.connections.pooling - HHH10001005: Database info:
	Database JDBC URL [Connecting through datasource 'HikariDataSource (HikariPool-1)']
	Database driver: undefined/unknown
	Database version: 8.0.44
	Autocommit mode: undefined/unknown
	Isolation level: undefined/unknown
	Minimum pool size: undefined/unknown
	Maximum pool size: undefined/unknown
2025-12-17 18:27:08 INFO  o.h.e.t.j.p.i.JtaPlatformInitiator - HHH000489: No JTA platform available (set 'hibernate.transaction.jta.platform' to enable JTA platform integration)
2025-12-17 18:27:09 INFO  o.s.o.j.LocalContainerEntityManagerFactoryBean - Initialized JPA EntityManagerFactory for persistence unit 'default'
2025-12-17 18:27:12 WARN  o.s.b.a.o.j.JpaBaseConfiguration$JpaWebConfiguration - spring.jpa.open-in-view is enabled by default. Therefore, database queries may be performed during view rendering. Explicitly configure spring.jpa.open-in-view to disable this warning
2025-12-17 18:27:12 INFO  o.s.c.o.FeignClientFactoryBean - For 'FLIGHT-MICROSERVICE' URL not provided. Will try picking an instance via load-balancing.
2025-12-17 18:27:19 INFO  o.s.c.n.e.c.DiscoveryClientOptionalArgsConfiguration - Eureka HTTP Client uses RestTemplate.
2025-12-17 18:27:20 WARN  o.s.c.l.c.LoadBalancerCacheAutoConfiguration$LoadBalancerCaffeineWarnLogger - Spring Cloud LoadBalancer is currently working with the default cache. While this cache implementation is useful for development and tests, it's recommended to use Caffeine cache in production.You can switch to using Caffeine cache, by adding it and org.springframework.cache.caffeine.CaffeineCacheManager to the classpath.
2025-12-17 18:27:20 INFO  o.s.c.n.eureka.InstanceInfoFactory - Setting initial instance status as: STARTING
2025-12-17 18:27:20 INFO  c.netflix.discovery.DiscoveryClient - Initializing Eureka in region us-east-1
2025-12-17 18:27:20 INFO  c.n.d.s.r.aws.ConfigClusterResolver - Resolving eureka endpoints via configuration
2025-12-17 18:27:20 INFO  c.netflix.discovery.DiscoveryClient - Disable delta property : false
2025-12-17 18:27:20 INFO  c.netflix.discovery.DiscoveryClient - Single vip registry refresh property : null
2025-12-17 18:27:20 INFO  c.netflix.discovery.DiscoveryClient - Force full registry fetch : false
2025-12-17 18:27:20 INFO  c.netflix.discovery.DiscoveryClient - Application is null : false
2025-12-17 18:27:20 INFO  c.netflix.discovery.DiscoveryClient - Registered Applications size is zero : true
2025-12-17 18:27:20 INFO  c.netflix.discovery.DiscoveryClient - Application version is -1: true
2025-12-17 18:27:20 INFO  c.netflix.discovery.DiscoveryClient - Getting all instance registry info from the eureka server
2025-12-17 18:27:21 INFO  c.netflix.discovery.DiscoveryClient - The response status is 200
2025-12-17 18:27:21 INFO  c.netflix.discovery.DiscoveryClient - Starting heartbeat executor: renew interval is: 30
2025-12-17 18:27:21 INFO  c.n.discovery.InstanceInfoReplicator - InstanceInfoReplicator onDemand update allowed rate per min is 4
2025-12-17 18:27:21 INFO  c.netflix.discovery.DiscoveryClient - Discovery Client initialized at timestamp 1765996041626 with initial instances count: 2
2025-12-17 18:27:21 INFO  o.s.c.n.e.s.EurekaServiceRegistry - Registering application BOOKING-MICROSERVICE with eureka with status UP
2025-12-17 18:27:21 INFO  c.netflix.discovery.DiscoveryClient - Saw local status change event StatusChangeEvent [timestamp=1765996041673, current=UP, previous=STARTING]
2025-12-17 18:27:21 INFO  c.netflix.discovery.DiscoveryClient - DiscoveryClient_BOOKING-MICROSERVICE/3ea5d14f6249:BOOKING-MICROSERVICE: registering service...
2025-12-17 18:27:21 INFO  o.s.b.w.e.tomcat.TomcatWebServer - Tomcat started on port 8080 (http) with context path '/'
2025-12-17 18:27:21 INFO  o.s.c.n.e.s.EurekaAutoServiceRegistration - Updating port to 8080
2025-12-17 18:27:21 INFO  c.b.BookingMicroserviceApplication - Started BookingMicroserviceApplication in 54.115 seconds (process running for 58.266)
2025-12-17 18:27:21 INFO  c.netflix.discovery.DiscoveryClient - DiscoveryClient_BOOKING-MICROSERVICE/3ea5d14f6249:BOOKING-MICROSERVICE - registration status: 204
2025-12-17 18:30:32 INFO  o.s.c.n.e.s.EurekaServiceRegistry - Unregistering application BOOKING-MICROSERVICE with eureka with status DOWN
2025-12-17 18:30:32 INFO  c.netflix.discovery.DiscoveryClient - Saw local status change event StatusChangeEvent [timestamp=1765996232054, current=DOWN, previous=UP]
2025-12-17 18:30:32 INFO  c.netflix.discovery.DiscoveryClient - DiscoveryClient_BOOKING-MICROSERVICE/3ea5d14f6249:BOOKING-MICROSERVICE: registering service...
2025-12-17 18:30:32 INFO  o.s.b.w.e.tomcat.GracefulShutdown - Commencing graceful shutdown. Waiting for active requests to complete
2025-12-17 18:30:32 INFO  c.netflix.discovery.DiscoveryClient - DiscoveryClient_BOOKING-MICROSERVICE/3ea5d14f6249:BOOKING-MICROSERVICE - registration status: 204
2025-12-17 18:30:32 INFO  o.s.b.w.e.tomcat.GracefulShutdown - Graceful shutdown complete
2025-12-17 18:30:32 INFO  o.s.o.j.LocalContainerEntityManagerFactoryBean - Closing JPA EntityManagerFactory for persistence unit 'default'
2025-12-17 18:30:32 INFO  com.zaxxer.hikari.HikariDataSource - HikariPool-1 - Shutdown initiated...
2025-12-17 18:30:32 INFO  com.zaxxer.hikari.HikariDataSource - HikariPool-1 - Shutdown completed.
2025-12-17 18:30:32 INFO  c.netflix.discovery.DiscoveryClient - Shutting down DiscoveryClient ...
2025-12-17 18:32:41 INFO  c.b.BookingMicroserviceApplication - Starting BookingMicroserviceApplication v3.1.0 using Java 17.0.17 with PID 1 (/app/app.jar started by root in /app)
2025-12-17 18:32:41 INFO  c.b.BookingMicroserviceApplication - No active profile set, falling back to 1 default profile: "default"
2025-12-17 18:32:41 INFO  o.s.c.c.c.ConfigServerConfigDataLoader - Fetching config from server at : http://config-server:8888
2025-12-17 18:32:41 INFO  o.s.c.c.c.ConfigServerConfigDataLoader - Located environment: name=BOOKING-MICROSERVICE, profiles=[default], label=null, version=74fd5769d2a5f60859253cb70c745355bccc3a1b, state=null
2025-12-17 18:32:43 INFO  o.s.d.r.c.RepositoryConfigurationDelegate - Bootstrapping Spring Data JPA repositories in DEFAULT mode.
2025-12-17 18:32:43 INFO  o.s.d.r.c.RepositoryConfigurationDelegate - Finished Spring Data repository scanning in 419 ms. Found 1 JPA repository interface.
2025-12-17 18:32:47 INFO  o.s.cloud.context.scope.GenericScope - BeanFactory id=94962c1e-bd51-34eb-b4bc-5aca86045416
2025-12-17 18:32:51 INFO  o.s.b.w.e.tomcat.TomcatWebServer - Tomcat initialized with port 8080 (http)
2025-12-17 18:32:51 INFO  o.a.catalina.core.StandardService - Starting service [Tomcat]
2025-12-17 18:32:51 INFO  o.a.catalina.core.StandardEngine - Starting Servlet engine: [Apache Tomcat/10.1.49]
2025-12-17 18:32:52 INFO  o.a.c.c.C.[Tomcat].[localhost].[/] - Initializing Spring embedded WebApplicationContext
2025-12-17 18:32:52 INFO  o.s.b.w.s.c.ServletWebServerApplicationContext - Root WebApplicationContext: initialization completed in 10436 ms
2025-12-17 18:32:54 INFO  o.h.jpa.internal.util.LogHelper - HHH000204: Processing PersistenceUnitInfo [name: default]
2025-12-17 18:32:55 INFO  org.hibernate.Version - HHH000412: Hibernate ORM core version 6.6.36.Final
2025-12-17 18:32:55 INFO  o.h.c.i.RegionFactoryInitiator - HHH000026: Second-level cache disabled
2025-12-17 18:32:57 INFO  o.s.o.j.p.SpringPersistenceUnitInfo - No LoadTimeWeaver setup: ignoring JPA class transformer
2025-12-17 18:32:58 INFO  com.zaxxer.hikari.HikariDataSource - HikariPool-1 - Starting...
2025-12-17 18:32:59 INFO  com.zaxxer.hikari.pool.HikariPool - HikariPool-1 - Added connection com.mysql.cj.jdbc.ConnectionImpl@54c37dab
2025-12-17 18:32:59 INFO  com.zaxxer.hikari.HikariDataSource - HikariPool-1 - Start completed.
2025-12-17 18:32:59 INFO  o.hibernate.orm.connections.pooling - HHH10001005: Database info:
	Database JDBC URL [Connecting through datasource 'HikariDataSource (HikariPool-1)']
	Database driver: undefined/unknown
	Database version: 8.0.44
	Autocommit mode: undefined/unknown
	Isolation level: undefined/unknown
	Minimum pool size: undefined/unknown
	Maximum pool size: undefined/unknown
2025-12-17 18:33:02 INFO  o.h.e.t.j.p.i.JtaPlatformInitiator - HHH000489: No JTA platform available (set 'hibernate.transaction.jta.platform' to enable JTA platform integration)
2025-12-17 18:33:03 INFO  o.s.o.j.LocalContainerEntityManagerFactoryBean - Initialized JPA EntityManagerFactory for persistence unit 'default'
2025-12-17 18:33:06 WARN  o.s.b.a.o.j.JpaBaseConfiguration$JpaWebConfiguration - spring.jpa.open-in-view is enabled by default. Therefore, database queries may be performed during view rendering. Explicitly configure spring.jpa.open-in-view to disable this warning
2025-12-17 18:33:07 INFO  o.s.c.o.FeignClientFactoryBean - For 'FLIGHT-MICROSERVICE' URL not provided. Will try picking an instance via load-balancing.
2025-12-17 18:33:16 INFO  o.s.c.n.e.c.DiscoveryClientOptionalArgsConfiguration - Eureka HTTP Client uses RestTemplate.
2025-12-17 18:33:17 WARN  o.s.c.l.c.LoadBalancerCacheAutoConfiguration$LoadBalancerCaffeineWarnLogger - Spring Cloud LoadBalancer is currently working with the default cache. While this cache implementation is useful for development and tests, it's recommended to use Caffeine cache in production.You can switch to using Caffeine cache, by adding it and org.springframework.cache.caffeine.CaffeineCacheManager to the classpath.
2025-12-17 18:33:17 INFO  o.s.c.n.eureka.InstanceInfoFactory - Setting initial instance status as: STARTING
2025-12-17 18:33:17 INFO  c.netflix.discovery.DiscoveryClient - Initializing Eureka in region us-east-1
2025-12-17 18:33:17 INFO  c.n.d.s.r.aws.ConfigClusterResolver - Resolving eureka endpoints via configuration
2025-12-17 18:33:17 INFO  c.netflix.discovery.DiscoveryClient - Disable delta property : false
2025-12-17 18:33:17 INFO  c.netflix.discovery.DiscoveryClient - Single vip registry refresh property : null
2025-12-17 18:33:17 INFO  c.netflix.discovery.DiscoveryClient - Force full registry fetch : false
2025-12-17 18:33:17 INFO  c.netflix.discovery.DiscoveryClient - Application is null : false
2025-12-17 18:33:17 INFO  c.netflix.discovery.DiscoveryClient - Registered Applications size is zero : true
2025-12-17 18:33:17 INFO  c.netflix.discovery.DiscoveryClient - Application version is -1: true
2025-12-17 18:33:17 INFO  c.netflix.discovery.DiscoveryClient - Getting all instance registry info from the eureka server
2025-12-17 18:33:18 INFO  c.netflix.discovery.DiscoveryClient - The response status is 200
2025-12-17 18:33:18 INFO  c.netflix.discovery.DiscoveryClient - Starting heartbeat executor: renew interval is: 30
2025-12-17 18:33:18 INFO  c.n.discovery.InstanceInfoReplicator - InstanceInfoReplicator onDemand update allowed rate per min is 4
2025-12-17 18:33:18 INFO  c.netflix.discovery.DiscoveryClient - Discovery Client initialized at timestamp 1765996398629 with initial instances count: 2
2025-12-17 18:33:18 INFO  o.s.c.n.e.s.EurekaServiceRegistry - Registering application BOOKING-MICROSERVICE with eureka with status UP
2025-12-17 18:33:18 INFO  c.netflix.discovery.DiscoveryClient - Saw local status change event StatusChangeEvent [timestamp=1765996398687, current=UP, previous=STARTING]
2025-12-17 18:33:18 INFO  c.netflix.discovery.DiscoveryClient - DiscoveryClient_BOOKING-MICROSERVICE/09c617a13786:BOOKING-MICROSERVICE: registering service...
2025-12-17 18:33:18 INFO  o.s.b.w.e.tomcat.TomcatWebServer - Tomcat started on port 8080 (http) with context path '/'
2025-12-17 18:33:18 INFO  o.s.c.n.e.s.EurekaAutoServiceRegistration - Updating port to 8080
2025-12-17 18:33:18 INFO  c.netflix.discovery.DiscoveryClient - DiscoveryClient_BOOKING-MICROSERVICE/09c617a13786:BOOKING-MICROSERVICE - registration status: 204
2025-12-17 18:33:18 INFO  c.b.BookingMicroserviceApplication - Started BookingMicroserviceApplication in 43.042 seconds (process running for 44.661)
2025-12-17 18:38:17 INFO  c.n.d.s.r.aws.ConfigClusterResolver - Resolving eureka endpoints via configuration
2025-12-17 18:39:49 INFO  o.s.c.n.e.s.EurekaServiceRegistry - Unregistering application BOOKING-MICROSERVICE with eureka with status DOWN
2025-12-17 18:39:49 INFO  c.netflix.discovery.DiscoveryClient - Saw local status change event StatusChangeEvent [timestamp=1765996789108, current=DOWN, previous=UP]
2025-12-17 18:39:49 INFO  c.netflix.discovery.DiscoveryClient - DiscoveryClient_BOOKING-MICROSERVICE/09c617a13786:BOOKING-MICROSERVICE: registering service...
2025-12-17 18:39:49 INFO  o.s.b.w.e.tomcat.GracefulShutdown - Commencing graceful shutdown. Waiting for active requests to complete
2025-12-17 18:39:49 INFO  c.netflix.discovery.DiscoveryClient - DiscoveryClient_BOOKING-MICROSERVICE/09c617a13786:BOOKING-MICROSERVICE - registration status: 204
2025-12-17 18:39:49 INFO  o.s.b.w.e.tomcat.GracefulShutdown - Graceful shutdown complete
2025-12-17 18:39:49 INFO  o.s.o.j.LocalContainerEntityManagerFactoryBean - Closing JPA EntityManagerFactory for persistence unit 'default'
2025-12-17 18:39:49 INFO  com.zaxxer.hikari.HikariDataSource - HikariPool-1 - Shutdown initiated...
2025-12-17 18:39:49 INFO  com.zaxxer.hikari.HikariDataSource - HikariPool-1 - Shutdown completed.
2025-12-17 18:39:49 INFO  c.netflix.discovery.DiscoveryClient - Shutting down DiscoveryClient ...
2025-12-17 18:41:40 INFO  c.b.BookingMicroserviceApplication - Starting BookingMicroserviceApplication v3.1.0 using Java 17.0.17 with PID 1 (/app/app.jar started by root in /app)
2025-12-17 18:41:40 INFO  c.b.BookingMicroserviceApplication - No active profile set, falling back to 1 default profile: "default"
2025-12-17 18:41:40 INFO  o.s.c.c.c.ConfigServerConfigDataLoader - Fetching config from server at : http://config-server:8888
2025-12-17 18:41:40 INFO  o.s.c.c.c.ConfigServerConfigDataLoader - Located environment: name=BOOKING-MICROSERVICE, profiles=[default], label=null, version=74fd5769d2a5f60859253cb70c745355bccc3a1b, state=null
2025-12-17 18:41:46 INFO  o.s.d.r.c.RepositoryConfigurationDelegate - Bootstrapping Spring Data JPA repositories in DEFAULT mode.
2025-12-17 18:41:47 INFO  o.s.d.r.c.RepositoryConfigurationDelegate - Finished Spring Data repository scanning in 1104 ms. Found 1 JPA repository interface.
2025-12-17 18:41:51 INFO  o.s.cloud.context.scope.GenericScope - BeanFactory id=94962c1e-bd51-34eb-b4bc-5aca86045416
2025-12-17 18:41:56 INFO  o.s.b.w.e.tomcat.TomcatWebServer - Tomcat initialized with port 8080 (http)
2025-12-17 18:41:57 INFO  o.a.catalina.core.StandardService - Starting service [Tomcat]
2025-12-17 18:41:57 INFO  o.a.catalina.core.StandardEngine - Starting Servlet engine: [Apache Tomcat/10.1.49]
2025-12-17 18:41:57 INFO  o.a.c.c.C.[Tomcat].[localhost].[/] - Initializing Spring embedded WebApplicationContext
2025-12-17 18:41:57 INFO  o.s.b.w.s.c.ServletWebServerApplicationContext - Root WebApplicationContext: initialization completed in 17050 ms
2025-12-17 18:41:58 INFO  o.h.jpa.internal.util.LogHelper - HHH000204: Processing PersistenceUnitInfo [name: default]
2025-12-17 18:41:59 INFO  org.hibernate.Version - HHH000412: Hibernate ORM core version 6.6.36.Final
2025-12-17 18:41:59 INFO  o.h.c.i.RegionFactoryInitiator - HHH000026: Second-level cache disabled
2025-12-17 18:42:01 INFO  o.s.o.j.p.SpringPersistenceUnitInfo - No LoadTimeWeaver setup: ignoring JPA class transformer
2025-12-17 18:42:01 INFO  com.zaxxer.hikari.HikariDataSource - HikariPool-1 - Starting...
2025-12-17 18:42:02 INFO  com.zaxxer.hikari.pool.HikariPool - HikariPool-1 - Added connection com.mysql.cj.jdbc.ConnectionImpl@563392e5
2025-12-17 18:42:02 INFO  com.zaxxer.hikari.HikariDataSource - HikariPool-1 - Start completed.
2025-12-17 18:42:03 INFO  o.hibernate.orm.connections.pooling - HHH10001005: Database info:
	Database JDBC URL [Connecting through datasource 'HikariDataSource (HikariPool-1)']
	Database driver: undefined/unknown
	Database version: 8.0.44
	Autocommit mode: undefined/unknown
	Isolation level: undefined/unknown
	Minimum pool size: undefined/unknown
	Maximum pool size: undefined/unknown
2025-12-17 18:42:07 INFO  o.h.e.t.j.p.i.JtaPlatformInitiator - HHH000489: No JTA platform available (set 'hibernate.transaction.jta.platform' to enable JTA platform integration)
2025-12-17 18:42:07 INFO  o.s.o.j.LocalContainerEntityManagerFactoryBean - Initialized JPA EntityManagerFactory for persistence unit 'default'
2025-12-17 18:42:08 WARN  o.s.b.a.o.j.JpaBaseConfiguration$JpaWebConfiguration - spring.jpa.open-in-view is enabled by default. Therefore, database queries may be performed during view rendering. Explicitly configure spring.jpa.open-in-view to disable this warning
2025-12-17 18:42:09 INFO  o.s.c.o.FeignClientFactoryBean - For 'FLIGHT-MICROSERVICE' URL not provided. Will try picking an instance via load-balancing.
2025-12-17 18:42:14 INFO  o.s.c.n.e.c.DiscoveryClientOptionalArgsConfiguration - Eureka HTTP Client uses RestTemplate.
2025-12-17 18:42:14 WARN  o.s.c.l.c.LoadBalancerCacheAutoConfiguration$LoadBalancerCaffeineWarnLogger - Spring Cloud LoadBalancer is currently working with the default cache. While this cache implementation is useful for development and tests, it's recommended to use Caffeine cache in production.You can switch to using Caffeine cache, by adding it and org.springframework.cache.caffeine.CaffeineCacheManager to the classpath.
2025-12-17 18:42:14 INFO  o.s.c.n.eureka.InstanceInfoFactory - Setting initial instance status as: STARTING
2025-12-17 18:42:15 INFO  c.netflix.discovery.DiscoveryClient - Initializing Eureka in region us-east-1
2025-12-17 18:42:15 INFO  c.n.d.s.r.aws.ConfigClusterResolver - Resolving eureka endpoints via configuration
2025-12-17 18:42:15 INFO  c.netflix.discovery.DiscoveryClient - Disable delta property : false
2025-12-17 18:42:15 INFO  c.netflix.discovery.DiscoveryClient - Single vip registry refresh property : null
2025-12-17 18:42:15 INFO  c.netflix.discovery.DiscoveryClient - Force full registry fetch : false
2025-12-17 18:42:15 INFO  c.netflix.discovery.DiscoveryClient - Application is null : false
2025-12-17 18:42:15 INFO  c.netflix.discovery.DiscoveryClient - Registered Applications size is zero : true
2025-12-17 18:42:15 INFO  c.netflix.discovery.DiscoveryClient - Application version is -1: true
2025-12-17 18:42:15 INFO  c.netflix.discovery.DiscoveryClient - Getting all instance registry info from the eureka server
2025-12-17 18:42:16 INFO  c.netflix.discovery.DiscoveryClient - The response status is 200
2025-12-17 18:42:16 INFO  c.netflix.discovery.DiscoveryClient - Starting heartbeat executor: renew interval is: 30
2025-12-17 18:42:16 INFO  c.n.discovery.InstanceInfoReplicator - InstanceInfoReplicator onDemand update allowed rate per min is 4
2025-12-17 18:42:16 INFO  c.netflix.discovery.DiscoveryClient - Discovery Client initialized at timestamp 1765996936531 with initial instances count: 2
2025-12-17 18:42:16 INFO  o.s.c.n.e.s.EurekaServiceRegistry - Registering application BOOKING-MICROSERVICE with eureka with status UP
2025-12-17 18:42:16 INFO  c.netflix.discovery.DiscoveryClient - Saw local status change event StatusChangeEvent [timestamp=1765996936635, current=UP, previous=STARTING]
2025-12-17 18:42:16 INFO  c.netflix.discovery.DiscoveryClient - DiscoveryClient_BOOKING-MICROSERVICE/466a06c67867:BOOKING-MICROSERVICE: registering service...
2025-12-17 18:42:16 INFO  o.s.b.w.e.tomcat.TomcatWebServer - Tomcat started on port 8080 (http) with context path '/'
2025-12-17 18:42:16 INFO  o.s.c.n.e.s.EurekaAutoServiceRegistration - Updating port to 8080
2025-12-17 18:42:16 INFO  c.b.BookingMicroserviceApplication - Started BookingMicroserviceApplication in 48.803 seconds (process running for 50.972)
2025-12-17 18:42:16 INFO  c.netflix.discovery.DiscoveryClient - DiscoveryClient_BOOKING-MICROSERVICE/466a06c67867:BOOKING-MICROSERVICE - registration status: 204
2025-12-17 18:47:14 INFO  c.n.d.s.r.aws.ConfigClusterResolver - Resolving eureka endpoints via configuration
2025-12-17 18:50:53 INFO  o.s.c.n.e.s.EurekaServiceRegistry - Unregistering application BOOKING-MICROSERVICE with eureka with status DOWN
2025-12-17 18:50:53 INFO  c.netflix.discovery.DiscoveryClient - Saw local status change event StatusChangeEvent [timestamp=1765997453414, current=DOWN, previous=UP]
2025-12-17 18:50:53 INFO  c.netflix.discovery.DiscoveryClient - DiscoveryClient_BOOKING-MICROSERVICE/466a06c67867:BOOKING-MICROSERVICE: registering service...
2025-12-17 18:50:53 INFO  o.s.b.w.e.tomcat.GracefulShutdown - Commencing graceful shutdown. Waiting for active requests to complete
2025-12-17 18:50:53 INFO  c.netflix.discovery.DiscoveryClient - DiscoveryClient_BOOKING-MICROSERVICE/466a06c67867:BOOKING-MICROSERVICE - registration status: 204
2025-12-17 18:50:53 INFO  o.s.b.w.e.tomcat.GracefulShutdown - Graceful shutdown complete
2025-12-17 18:50:53 INFO  o.s.o.j.LocalContainerEntityManagerFactoryBean - Closing JPA EntityManagerFactory for persistence unit 'default'
2025-12-17 18:50:53 INFO  com.zaxxer.hikari.HikariDataSource - HikariPool-1 - Shutdown initiated...
2025-12-17 18:50:53 INFO  com.zaxxer.hikari.HikariDataSource - HikariPool-1 - Shutdown completed.
2025-12-17 18:50:53 INFO  c.netflix.discovery.DiscoveryClient - Shutting down DiscoveryClient ...
2025-12-17 18:52:45 INFO  c.b.BookingMicroserviceApplication - Starting BookingMicroserviceApplication v3.1.0 using Java 17.0.17 with PID 1 (/app/app.jar started by root in /app)
2025-12-17 18:52:45 INFO  c.b.BookingMicroserviceApplication - No active profile set, falling back to 1 default profile: "default"
2025-12-17 18:52:46 INFO  o.s.c.c.c.ConfigServerConfigDataLoader - Fetching config from server at : http://config-server:8888
2025-12-17 18:52:46 INFO  o.s.c.c.c.ConfigServerConfigDataLoader - Located environment: name=BOOKING-MICROSERVICE, profiles=[default], label=null, version=74fd5769d2a5f60859253cb70c745355bccc3a1b, state=null
2025-12-17 18:52:55 INFO  o.s.d.r.c.RepositoryConfigurationDelegate - Bootstrapping Spring Data JPA repositories in DEFAULT mode.
2025-12-17 18:52:55 INFO  o.s.d.r.c.RepositoryConfigurationDelegate - Finished Spring Data repository scanning in 566 ms. Found 1 JPA repository interface.
2025-12-17 18:52:58 INFO  o.s.cloud.context.scope.GenericScope - BeanFactory id=94962c1e-bd51-34eb-b4bc-5aca86045416
2025-12-17 18:53:02 INFO  o.s.b.w.e.tomcat.TomcatWebServer - Tomcat initialized with port 8080 (http)
2025-12-17 18:53:02 INFO  o.a.catalina.core.StandardService - Starting service [Tomcat]
2025-12-17 18:53:02 INFO  o.a.catalina.core.StandardEngine - Starting Servlet engine: [Apache Tomcat/10.1.49]
2025-12-17 18:53:02 INFO  o.a.c.c.C.[Tomcat].[localhost].[/] - Initializing Spring embedded WebApplicationContext
2025-12-17 18:53:02 INFO  o.s.b.w.s.c.ServletWebServerApplicationContext - Root WebApplicationContext: initialization completed in 15746 ms
2025-12-17 18:53:03 INFO  o.h.jpa.internal.util.LogHelper - HHH000204: Processing PersistenceUnitInfo [name: default]
2025-12-17 18:53:04 INFO  org.hibernate.Version - HHH000412: Hibernate ORM core version 6.6.36.Final
2025-12-17 18:53:04 INFO  o.h.c.i.RegionFactoryInitiator - HHH000026: Second-level cache disabled
2025-12-17 18:53:06 INFO  o.s.o.j.p.SpringPersistenceUnitInfo - No LoadTimeWeaver setup: ignoring JPA class transformer
2025-12-17 18:53:06 INFO  com.zaxxer.hikari.HikariDataSource - HikariPool-1 - Starting...
2025-12-17 18:53:06 INFO  com.zaxxer.hikari.pool.HikariPool - HikariPool-1 - Added connection com.mysql.cj.jdbc.ConnectionImpl@6a2057e
2025-12-17 18:53:06 INFO  com.zaxxer.hikari.HikariDataSource - HikariPool-1 - Start completed.
2025-12-17 18:53:07 INFO  o.hibernate.orm.connections.pooling - HHH10001005: Database info:
	Database JDBC URL [Connecting through datasource 'HikariDataSource (HikariPool-1)']
	Database driver: undefined/unknown
	Database version: 8.0.44
	Autocommit mode: undefined/unknown
	Isolation level: undefined/unknown
	Minimum pool size: undefined/unknown
	Maximum pool size: undefined/unknown
2025-12-17 18:53:11 INFO  o.h.e.t.j.p.i.JtaPlatformInitiator - HHH000489: No JTA platform available (set 'hibernate.transaction.jta.platform' to enable JTA platform integration)
2025-12-17 18:53:11 INFO  o.s.o.j.LocalContainerEntityManagerFactoryBean - Initialized JPA EntityManagerFactory for persistence unit 'default'
2025-12-17 18:53:13 WARN  o.s.b.a.o.j.JpaBaseConfiguration$JpaWebConfiguration - spring.jpa.open-in-view is enabled by default. Therefore, database queries may be performed during view rendering. Explicitly configure spring.jpa.open-in-view to disable this warning
2025-12-17 18:53:13 INFO  o.s.c.o.FeignClientFactoryBean - For 'FLIGHT-MICROSERVICE' URL not provided. Will try picking an instance via load-balancing.
2025-12-17 18:53:18 INFO  o.s.c.n.e.c.DiscoveryClientOptionalArgsConfiguration - Eureka HTTP Client uses RestTemplate.
2025-12-17 18:53:18 WARN  o.s.c.l.c.LoadBalancerCacheAutoConfiguration$LoadBalancerCaffeineWarnLogger - Spring Cloud LoadBalancer is currently working with the default cache. While this cache implementation is useful for development and tests, it's recommended to use Caffeine cache in production.You can switch to using Caffeine cache, by adding it and org.springframework.cache.caffeine.CaffeineCacheManager to the classpath.
2025-12-17 18:53:18 INFO  o.s.c.n.eureka.InstanceInfoFactory - Setting initial instance status as: STARTING
2025-12-17 18:53:18 INFO  c.netflix.discovery.DiscoveryClient - Initializing Eureka in region us-east-1
2025-12-17 18:53:18 INFO  c.n.d.s.r.aws.ConfigClusterResolver - Resolving eureka endpoints via configuration
2025-12-17 18:53:19 INFO  c.netflix.discovery.DiscoveryClient - Disable delta property : false
2025-12-17 18:53:19 INFO  c.netflix.discovery.DiscoveryClient - Single vip registry refresh property : null
2025-12-17 18:53:19 INFO  c.netflix.discovery.DiscoveryClient - Force full registry fetch : false
2025-12-17 18:53:19 INFO  c.netflix.discovery.DiscoveryClient - Application is null : false
2025-12-17 18:53:19 INFO  c.netflix.discovery.DiscoveryClient - Registered Applications size is zero : true
2025-12-17 18:53:19 INFO  c.netflix.discovery.DiscoveryClient - Application version is -1: true
2025-12-17 18:53:19 INFO  c.netflix.discovery.DiscoveryClient - Getting all instance registry info from the eureka server
2025-12-17 18:53:19 INFO  c.netflix.discovery.DiscoveryClient - The response status is 200
2025-12-17 18:53:19 INFO  c.netflix.discovery.DiscoveryClient - Starting heartbeat executor: renew interval is: 30
2025-12-17 18:53:19 INFO  c.n.discovery.InstanceInfoReplicator - InstanceInfoReplicator onDemand update allowed rate per min is 4
2025-12-17 18:53:19 INFO  c.netflix.discovery.DiscoveryClient - Discovery Client initialized at timestamp 1765997599703 with initial instances count: 2
2025-12-17 18:53:19 INFO  o.s.c.n.e.s.EurekaServiceRegistry - Registering application BOOKING-MICROSERVICE with eureka with status UP
2025-12-17 18:53:19 INFO  c.netflix.discovery.DiscoveryClient - Saw local status change event StatusChangeEvent [timestamp=1765997599757, current=UP, previous=STARTING]
2025-12-17 18:53:19 INFO  c.netflix.discovery.DiscoveryClient - DiscoveryClient_BOOKING-MICROSERVICE/c805178938c8:BOOKING-MICROSERVICE: registering service...
2025-12-17 18:53:19 INFO  o.s.b.w.e.tomcat.TomcatWebServer - Tomcat started on port 8080 (http) with context path '/'
2025-12-17 18:53:19 INFO  o.s.c.n.e.s.EurekaAutoServiceRegistration - Updating port to 8080
2025-12-17 18:53:20 INFO  c.b.BookingMicroserviceApplication - Started BookingMicroserviceApplication in 41.878 seconds (process running for 43.48)
2025-12-17 18:53:20 INFO  c.netflix.discovery.DiscoveryClient - DiscoveryClient_BOOKING-MICROSERVICE/c805178938c8:BOOKING-MICROSERVICE - registration status: 204
2025-12-17 18:58:18 INFO  c.n.d.s.r.aws.ConfigClusterResolver - Resolving eureka endpoints via configuration
2025-12-17 19:01:00 INFO  o.s.c.n.e.s.EurekaServiceRegistry - Unregistering application BOOKING-MICROSERVICE with eureka with status DOWN
2025-12-17 19:01:00 INFO  c.netflix.discovery.DiscoveryClient - Saw local status change event StatusChangeEvent [timestamp=1765998060862, current=DOWN, previous=UP]
2025-12-17 19:01:00 INFO  c.netflix.discovery.DiscoveryClient - DiscoveryClient_BOOKING-MICROSERVICE/c805178938c8:BOOKING-MICROSERVICE: registering service...
2025-12-17 19:01:00 INFO  o.s.b.w.e.tomcat.GracefulShutdown - Commencing graceful shutdown. Waiting for active requests to complete
2025-12-17 19:01:00 INFO  c.netflix.discovery.DiscoveryClient - DiscoveryClient_BOOKING-MICROSERVICE/c805178938c8:BOOKING-MICROSERVICE - registration status: 204
2025-12-17 19:01:00 INFO  o.s.b.w.e.tomcat.GracefulShutdown - Graceful shutdown complete
2025-12-17 19:01:00 INFO  o.s.o.j.LocalContainerEntityManagerFactoryBean - Closing JPA EntityManagerFactory for persistence unit 'default'
2025-12-17 19:01:00 INFO  com.zaxxer.hikari.HikariDataSource - HikariPool-1 - Shutdown initiated...
2025-12-17 19:01:00 INFO  com.zaxxer.hikari.HikariDataSource - HikariPool-1 - Shutdown completed.
2025-12-17 19:01:00 INFO  c.netflix.discovery.DiscoveryClient - Shutting down DiscoveryClient ...
2025-12-17 19:13:52 INFO  c.b.BookingMicroserviceApplication - Starting BookingMicroserviceApplication v3.1.0 using Java 17.0.17 with PID 1 (/app/app.jar started by root in /app)
2025-12-17 19:13:52 INFO  c.b.BookingMicroserviceApplication - No active profile set, falling back to 1 default profile: "default"
2025-12-17 19:13:53 INFO  o.s.c.c.c.ConfigServerConfigDataLoader - Fetching config from server at : http://config-server:8888
2025-12-17 19:13:53 INFO  o.s.c.c.c.ConfigServerConfigDataLoader - Located environment: name=BOOKING-MICROSERVICE, profiles=[default], label=null, version=74fd5769d2a5f60859253cb70c745355bccc3a1b, state=null
2025-12-17 19:14:03 INFO  o.s.d.r.c.RepositoryConfigurationDelegate - Bootstrapping Spring Data JPA repositories in DEFAULT mode.
2025-12-17 19:14:05 INFO  o.s.d.r.c.RepositoryConfigurationDelegate - Finished Spring Data repository scanning in 1814 ms. Found 1 JPA repository interface.
2025-12-17 19:14:10 INFO  o.s.cloud.context.scope.GenericScope - BeanFactory id=94962c1e-bd51-34eb-b4bc-5aca86045416
2025-12-17 19:14:17 INFO  o.s.b.w.e.tomcat.TomcatWebServer - Tomcat initialized with port 8080 (http)
2025-12-17 19:14:18 INFO  o.a.catalina.core.StandardService - Starting service [Tomcat]
2025-12-17 19:14:18 INFO  o.a.catalina.core.StandardEngine - Starting Servlet engine: [Apache Tomcat/10.1.49]
2025-12-17 19:14:18 INFO  o.a.c.c.C.[Tomcat].[localhost].[/] - Initializing Spring embedded WebApplicationContext
2025-12-17 19:14:18 INFO  o.s.b.w.s.c.ServletWebServerApplicationContext - Root WebApplicationContext: initialization completed in 25272 ms
2025-12-17 19:14:20 INFO  o.h.jpa.internal.util.LogHelper - HHH000204: Processing PersistenceUnitInfo [name: default]
2025-12-17 19:14:20 INFO  org.hibernate.Version - HHH000412: Hibernate ORM core version 6.6.36.Final
2025-12-17 19:14:20 INFO  o.h.c.i.RegionFactoryInitiator - HHH000026: Second-level cache disabled
2025-12-17 19:14:22 INFO  o.s.o.j.p.SpringPersistenceUnitInfo - No LoadTimeWeaver setup: ignoring JPA class transformer
2025-12-17 19:14:22 INFO  com.zaxxer.hikari.HikariDataSource - HikariPool-1 - Starting...
2025-12-17 19:14:23 INFO  com.zaxxer.hikari.pool.HikariPool - HikariPool-1 - Added connection com.mysql.cj.jdbc.ConnectionImpl@66046e7c
2025-12-17 19:14:23 INFO  com.zaxxer.hikari.HikariDataSource - HikariPool-1 - Start completed.
2025-12-17 19:14:24 INFO  o.hibernate.orm.connections.pooling - HHH10001005: Database info:
	Database JDBC URL [Connecting through datasource 'HikariDataSource (HikariPool-1)']
	Database driver: undefined/unknown
	Database version: 8.0.44
	Autocommit mode: undefined/unknown
	Isolation level: undefined/unknown
	Minimum pool size: undefined/unknown
	Maximum pool size: undefined/unknown
2025-12-17 19:14:31 INFO  o.h.e.t.j.p.i.JtaPlatformInitiator - HHH000489: No JTA platform available (set 'hibernate.transaction.jta.platform' to enable JTA platform integration)
2025-12-17 19:14:32 INFO  o.s.o.j.LocalContainerEntityManagerFactoryBean - Initialized JPA EntityManagerFactory for persistence unit 'default'
2025-12-17 19:14:36 WARN  o.s.b.a.o.j.JpaBaseConfiguration$JpaWebConfiguration - spring.jpa.open-in-view is enabled by default. Therefore, database queries may be performed during view rendering. Explicitly configure spring.jpa.open-in-view to disable this warning
2025-12-17 19:14:37 INFO  o.s.c.o.FeignClientFactoryBean - For 'FLIGHT-MICROSERVICE' URL not provided. Will try picking an instance via load-balancing.
2025-12-17 19:14:48 INFO  o.s.c.n.e.c.DiscoveryClientOptionalArgsConfiguration - Eureka HTTP Client uses RestTemplate.
2025-12-17 19:14:49 WARN  o.s.c.l.c.LoadBalancerCacheAutoConfiguration$LoadBalancerCaffeineWarnLogger - Spring Cloud LoadBalancer is currently working with the default cache. While this cache implementation is useful for development and tests, it's recommended to use Caffeine cache in production.You can switch to using Caffeine cache, by adding it and org.springframework.cache.caffeine.CaffeineCacheManager to the classpath.
2025-12-17 19:14:49 INFO  o.s.c.n.eureka.InstanceInfoFactory - Setting initial instance status as: STARTING
2025-12-17 19:14:49 INFO  c.netflix.discovery.DiscoveryClient - Initializing Eureka in region us-east-1
2025-12-17 19:14:49 INFO  c.n.d.s.r.aws.ConfigClusterResolver - Resolving eureka endpoints via configuration
2025-12-17 19:14:49 INFO  c.netflix.discovery.DiscoveryClient - Disable delta property : false
2025-12-17 19:14:49 INFO  c.netflix.discovery.DiscoveryClient - Single vip registry refresh property : null
2025-12-17 19:14:49 INFO  c.netflix.discovery.DiscoveryClient - Force full registry fetch : false
2025-12-17 19:14:49 INFO  c.netflix.discovery.DiscoveryClient - Application is null : false
2025-12-17 19:14:49 INFO  c.netflix.discovery.DiscoveryClient - Registered Applications size is zero : true
2025-12-17 19:14:49 INFO  c.netflix.discovery.DiscoveryClient - Application version is -1: true
2025-12-17 19:14:49 INFO  c.netflix.discovery.DiscoveryClient - Getting all instance registry info from the eureka server
2025-12-17 19:14:51 INFO  c.netflix.discovery.DiscoveryClient - The response status is 200
2025-12-17 19:14:51 INFO  c.netflix.discovery.DiscoveryClient - Starting heartbeat executor: renew interval is: 30
2025-12-17 19:14:51 INFO  c.n.discovery.InstanceInfoReplicator - InstanceInfoReplicator onDemand update allowed rate per min is 4
2025-12-17 19:14:51 INFO  c.netflix.discovery.DiscoveryClient - Discovery Client initialized at timestamp 1765998891889 with initial instances count: 2
2025-12-17 19:14:51 INFO  o.s.c.n.e.s.EurekaServiceRegistry - Registering application BOOKING-MICROSERVICE with eureka with status UP
2025-12-17 19:14:51 INFO  c.netflix.discovery.DiscoveryClient - Saw local status change event StatusChangeEvent [timestamp=1765998891979, current=UP, previous=STARTING]
2025-12-17 19:14:51 INFO  c.netflix.discovery.DiscoveryClient - DiscoveryClient_BOOKING-MICROSERVICE/a6a3f5d73048:BOOKING-MICROSERVICE: registering service...
2025-12-17 19:14:52 INFO  o.s.b.w.e.tomcat.TomcatWebServer - Tomcat started on port 8080 (http) with context path '/'
2025-12-17 19:14:52 INFO  o.s.c.n.e.s.EurekaAutoServiceRegistration - Updating port to 8080
2025-12-17 19:14:52 INFO  c.b.BookingMicroserviceApplication - Started BookingMicroserviceApplication in 80.012 seconds (process running for 92.346)
2025-12-17 19:14:52 INFO  c.netflix.discovery.DiscoveryClient - DiscoveryClient_BOOKING-MICROSERVICE/a6a3f5d73048:BOOKING-MICROSERVICE - registration status: 204
2025-12-17 19:19:49 INFO  c.n.d.s.r.aws.ConfigClusterResolver - Resolving eureka endpoints via configuration
2025-12-17 19:24:49 INFO  c.n.d.s.r.aws.ConfigClusterResolver - Resolving eureka endpoints via configuration
2025-12-17 19:25:39 INFO  o.s.c.n.e.s.EurekaServiceRegistry - Unregistering application BOOKING-MICROSERVICE with eureka with status DOWN
2025-12-17 19:25:39 INFO  c.netflix.discovery.DiscoveryClient - Saw local status change event StatusChangeEvent [timestamp=1765999539697, current=DOWN, previous=UP]
2025-12-17 19:25:39 INFO  c.netflix.discovery.DiscoveryClient - DiscoveryClient_BOOKING-MICROSERVICE/a6a3f5d73048:BOOKING-MICROSERVICE: registering service...
2025-12-17 19:25:39 INFO  o.s.b.w.e.tomcat.GracefulShutdown - Commencing graceful shutdown. Waiting for active requests to complete
2025-12-17 19:25:39 INFO  c.netflix.discovery.DiscoveryClient - DiscoveryClient_BOOKING-MICROSERVICE/a6a3f5d73048:BOOKING-MICROSERVICE - registration status: 204
2025-12-17 19:25:39 INFO  o.s.b.w.e.tomcat.GracefulShutdown - Graceful shutdown complete
2025-12-17 19:25:39 INFO  o.s.o.j.LocalContainerEntityManagerFactoryBean - Closing JPA EntityManagerFactory for persistence unit 'default'
2025-12-17 19:25:39 INFO  com.zaxxer.hikari.HikariDataSource - HikariPool-1 - Shutdown initiated...
2025-12-17 19:25:39 INFO  com.zaxxer.hikari.HikariDataSource - HikariPool-1 - Shutdown completed.
2025-12-17 19:25:39 INFO  c.netflix.discovery.DiscoveryClient - Shutting down DiscoveryClient ...
2025-12-17 19:37:31 INFO  c.b.BookingMicroserviceApplication - Starting BookingMicroserviceApplication v3.1.0 using Java 17.0.17 with PID 1 (/app/app.jar started by root in /app)
2025-12-17 19:37:31 INFO  c.b.BookingMicroserviceApplication - No active profile set, falling back to 1 default profile: "default"
2025-12-17 19:37:31 INFO  o.s.c.c.c.ConfigServerConfigDataLoader - Fetching config from server at : http://config-server:8888
2025-12-17 19:37:31 INFO  o.s.c.c.c.ConfigServerConfigDataLoader - Located environment: name=BOOKING-MICROSERVICE, profiles=[default], label=null, version=74fd5769d2a5f60859253cb70c745355bccc3a1b, state=null
2025-12-17 19:37:40 INFO  o.s.d.r.c.RepositoryConfigurationDelegate - Bootstrapping Spring Data JPA repositories in DEFAULT mode.
2025-12-17 19:37:42 INFO  o.s.d.r.c.RepositoryConfigurationDelegate - Finished Spring Data repository scanning in 1963 ms. Found 1 JPA repository interface.
2025-12-17 19:37:46 INFO  o.s.cloud.context.scope.GenericScope - BeanFactory id=94962c1e-bd51-34eb-b4bc-5aca86045416
2025-12-17 19:37:54 INFO  o.s.b.w.e.tomcat.TomcatWebServer - Tomcat initialized with port 8080 (http)
2025-12-17 19:37:55 INFO  o.a.catalina.core.StandardService - Starting service [Tomcat]
2025-12-17 19:37:55 INFO  o.a.catalina.core.StandardEngine - Starting Servlet engine: [Apache Tomcat/10.1.49]
2025-12-17 19:37:55 INFO  o.a.c.c.C.[Tomcat].[localhost].[/] - Initializing Spring embedded WebApplicationContext
2025-12-17 19:37:55 INFO  o.s.b.w.s.c.ServletWebServerApplicationContext - Root WebApplicationContext: initialization completed in 23374 ms
2025-12-17 19:37:57 INFO  o.h.jpa.internal.util.LogHelper - HHH000204: Processing PersistenceUnitInfo [name: default]
2025-12-17 19:37:58 INFO  org.hibernate.Version - HHH000412: Hibernate ORM core version 6.6.36.Final
2025-12-17 19:37:58 INFO  o.h.c.i.RegionFactoryInitiator - HHH000026: Second-level cache disabled
2025-12-17 19:38:02 INFO  o.s.o.j.p.SpringPersistenceUnitInfo - No LoadTimeWeaver setup: ignoring JPA class transformer
2025-12-17 19:38:02 INFO  com.zaxxer.hikari.HikariDataSource - HikariPool-1 - Starting...
2025-12-17 19:38:05 INFO  com.zaxxer.hikari.pool.HikariPool - HikariPool-1 - Added connection com.mysql.cj.jdbc.ConnectionImpl@52d181ed
2025-12-17 19:38:05 INFO  com.zaxxer.hikari.HikariDataSource - HikariPool-1 - Start completed.
2025-12-17 19:38:06 INFO  o.hibernate.orm.connections.pooling - HHH10001005: Database info:
	Database JDBC URL [Connecting through datasource 'HikariDataSource (HikariPool-1)']
	Database driver: undefined/unknown
	Database version: 8.0.44
	Autocommit mode: undefined/unknown
	Isolation level: undefined/unknown
	Minimum pool size: undefined/unknown
	Maximum pool size: undefined/unknown
2025-12-17 19:38:14 INFO  o.h.e.t.j.p.i.JtaPlatformInitiator - HHH000489: No JTA platform available (set 'hibernate.transaction.jta.platform' to enable JTA platform integration)
2025-12-17 19:38:14 INFO  o.s.o.j.LocalContainerEntityManagerFactoryBean - Initialized JPA EntityManagerFactory for persistence unit 'default'
2025-12-17 19:38:18 WARN  o.s.b.a.o.j.JpaBaseConfiguration$JpaWebConfiguration - spring.jpa.open-in-view is enabled by default. Therefore, database queries may be performed during view rendering. Explicitly configure spring.jpa.open-in-view to disable this warning
2025-12-17 19:38:19 INFO  o.s.c.o.FeignClientFactoryBean - For 'FLIGHT-MICROSERVICE' URL not provided. Will try picking an instance via load-balancing.
2025-12-17 19:38:35 INFO  o.s.c.n.e.c.DiscoveryClientOptionalArgsConfiguration - Eureka HTTP Client uses RestTemplate.
2025-12-17 19:38:36 WARN  o.s.c.l.c.LoadBalancerCacheAutoConfiguration$LoadBalancerCaffeineWarnLogger - Spring Cloud LoadBalancer is currently working with the default cache. While this cache implementation is useful for development and tests, it's recommended to use Caffeine cache in production.You can switch to using Caffeine cache, by adding it and org.springframework.cache.caffeine.CaffeineCacheManager to the classpath.
2025-12-17 19:38:36 INFO  o.s.c.n.eureka.InstanceInfoFactory - Setting initial instance status as: STARTING
2025-12-17 19:38:36 INFO  c.netflix.discovery.DiscoveryClient - Initializing Eureka in region us-east-1
2025-12-17 19:38:36 INFO  c.n.d.s.r.aws.ConfigClusterResolver - Resolving eureka endpoints via configuration
2025-12-17 19:38:36 INFO  c.netflix.discovery.DiscoveryClient - Disable delta property : false
2025-12-17 19:38:36 INFO  c.netflix.discovery.DiscoveryClient - Single vip registry refresh property : null
2025-12-17 19:38:36 INFO  c.netflix.discovery.DiscoveryClient - Force full registry fetch : false
2025-12-17 19:38:36 INFO  c.netflix.discovery.DiscoveryClient - Application is null : false
2025-12-17 19:38:36 INFO  c.netflix.discovery.DiscoveryClient - Registered Applications size is zero : true
2025-12-17 19:38:36 INFO  c.netflix.discovery.DiscoveryClient - Application version is -1: true
2025-12-17 19:38:36 INFO  c.netflix.discovery.DiscoveryClient - Getting all instance registry info from the eureka server
2025-12-17 19:38:38 INFO  c.netflix.discovery.DiscoveryClient - The response status is 200
2025-12-17 19:38:38 INFO  c.netflix.discovery.DiscoveryClient - Starting heartbeat executor: renew interval is: 30
2025-12-17 19:38:38 INFO  c.n.discovery.InstanceInfoReplicator - InstanceInfoReplicator onDemand update allowed rate per min is 4
2025-12-17 19:38:38 INFO  c.netflix.discovery.DiscoveryClient - Discovery Client initialized at timestamp 1766000318257 with initial instances count: 3
2025-12-17 19:38:38 INFO  o.s.c.n.e.s.EurekaServiceRegistry - Registering application BOOKING-MICROSERVICE with eureka with status UP
2025-12-17 19:38:38 INFO  c.netflix.discovery.DiscoveryClient - Saw local status change event StatusChangeEvent [timestamp=1766000318335, current=UP, previous=STARTING]
2025-12-17 19:38:38 INFO  c.netflix.discovery.DiscoveryClient - DiscoveryClient_BOOKING-MICROSERVICE/6f493cf96549:BOOKING-MICROSERVICE: registering service...
2025-12-17 19:38:38 INFO  o.s.b.w.e.tomcat.TomcatWebServer - Tomcat started on port 8080 (http) with context path '/'
2025-12-17 19:38:38 INFO  o.s.c.n.e.s.EurekaAutoServiceRegistration - Updating port to 8080
2025-12-17 19:38:38 INFO  c.b.BookingMicroserviceApplication - Started BookingMicroserviceApplication in 79.25 seconds (process running for 89.179)
2025-12-17 19:38:38 INFO  c.netflix.discovery.DiscoveryClient - DiscoveryClient_BOOKING-MICROSERVICE/6f493cf96549:BOOKING-MICROSERVICE - registration status: 204
2025-12-17 19:43:36 INFO  c.n.d.s.r.aws.ConfigClusterResolver - Resolving eureka endpoints via configuration
2025-12-17 19:48:36 INFO  c.n.d.s.r.aws.ConfigClusterResolver - Resolving eureka endpoints via configuration
2025-12-17 19:53:07 INFO  o.s.c.n.e.s.EurekaServiceRegistry - Unregistering application BOOKING-MICROSERVICE with eureka with status DOWN
2025-12-17 19:53:07 INFO  c.netflix.discovery.DiscoveryClient - Saw local status change event StatusChangeEvent [timestamp=1766001187341, current=DOWN, previous=UP]
2025-12-17 19:53:07 INFO  c.netflix.discovery.DiscoveryClient - DiscoveryClient_BOOKING-MICROSERVICE/6f493cf96549:BOOKING-MICROSERVICE: registering service...
2025-12-17 19:53:07 INFO  o.s.b.w.e.tomcat.GracefulShutdown - Commencing graceful shutdown. Waiting for active requests to complete
2025-12-17 19:53:07 INFO  c.netflix.discovery.DiscoveryClient - DiscoveryClient_BOOKING-MICROSERVICE/6f493cf96549:BOOKING-MICROSERVICE - registration status: 204
2025-12-17 19:53:07 INFO  o.s.b.w.e.tomcat.GracefulShutdown - Graceful shutdown complete
2025-12-17 19:53:07 INFO  o.s.o.j.LocalContainerEntityManagerFactoryBean - Closing JPA EntityManagerFactory for persistence unit 'default'
2025-12-17 19:53:07 INFO  com.zaxxer.hikari.HikariDataSource - HikariPool-1 - Shutdown initiated...
2025-12-17 19:53:07 INFO  com.zaxxer.hikari.HikariDataSource - HikariPool-1 - Shutdown completed.
2025-12-17 19:53:07 INFO  c.netflix.discovery.DiscoveryClient - Shutting down DiscoveryClient ...
